0 verbose cli C:\Program Files\nodejs\node.exe C:\Program Files\nodejs\node_modules\npm\bin\npm-cli.js
1 info using npm@11.9.0
2 info using node@v24.14.0
3 silly config load:file:C:\Program Files\nodejs\node_modules\npm\npmrc
4 silly config load:file:C:\xampp\htdocs\licoreria\.npmrc
5 silly config load:file:C:\Users\Carlos\.npmrc
6 silly config load:file:C:\Users\Carlos\AppData\Roaming\npm\etc\npmrc
7 verbose title npm install
8 verbose argv "install"
9 verbose logfile logs-max:10 dir:C:\xampp\htdocs\licoreria\.npm-cache\_logs\2026-04-19T03_26_56_468Z-
10 verbose logfile C:\xampp\htdocs\licoreria\.npm-cache\_logs\2026-04-19T03_26_56_468Z-debug-0.log
11 silly logfile done cleaning log files
12 silly packumentCache heap:4496293888 maxSize:1124073472 maxEntrySize:562036736
13 silly idealTree buildDeps
14 silly fetch manifest bcryptjs@^2.4.3
15 silly packumentCache full:https://registry.npmjs.org/bcryptjs cache-miss
16 http fetch GET 200 https://registry.npmjs.org/bcryptjs 198ms (cache miss)
17 silly packumentCache full:https://registry.npmjs.org/bcryptjs set size:undefined disposed:false
18 silly fetch manifest cookie-parser@^1.4.7
19 silly packumentCache full:https://registry.npmjs.org/cookie-parser cache-miss
20 http fetch GET 200 https://registry.npmjs.org/cookie-parser 75ms (cache miss)
21 silly packumentCache full:https://registry.npmjs.org/cookie-parser set size:undefined disposed:false
22 silly fetch manifest dotenv@^16.4.7
23 silly packumentCache full:https://registry.npmjs.org/dotenv cache-miss
24 http fetch GET 200 https://registry.npmjs.org/npm 353ms
25 http fetch GET 200 https://registry.npmjs.org/dotenv 103ms (cache miss)
26 silly packumentCache full:https://registry.npmjs.org/dotenv set size:undefined disposed:false
27 silly fetch manifest express@^4.21.2
28 silly packumentCache full:https://registry.npmjs.org/express cache-miss
29 http fetch GET 200 https://registry.npmjs.org/express 98ms (cache miss)
30 silly packumentCache full:https://registry.npmjs.org/express set size:undefined disposed:false
31 silly fetch manifest express-session@^1.18.1
32 silly packumentCache full:https://registry.npmjs.org/express-session cache-miss
33 http fetch GET 200 https://registry.npmjs.org/express-session 107ms (cache miss)
34 silly packumentCache full:https://registry.npmjs.org/express-session set size:undefined disposed:false
35 silly fetch manifest multer@^1.4.5-lts.1
36 silly packumentCache full:https://registry.npmjs.org/multer cache-miss
37 http fetch GET 200 https://registry.npmjs.org/multer 81ms (cache miss)
38 silly packumentCache full:https://registry.npmjs.org/multer set size:undefined disposed:false
39 silly fetch manifest pg@^8.13.3
40 silly packumentCache full:https://registry.npmjs.org/pg cache-miss
41 http fetch GET 200 https://registry.npmjs.org/pg 304ms (cache miss)
42 silly packumentCache full:https://registry.npmjs.org/pg set size:undefined disposed:false
43 silly fetch manifest pg-native@>=3.0.1
44 silly packumentCache full:https://registry.npmjs.org/pg-native cache-miss
45 http fetch GET 200 https://registry.npmjs.org/pg-native 339ms (cache miss)
46 silly packumentCache full:https://registry.npmjs.org/pg-native set size:undefined disposed:false
47 silly placeDep ROOT bcryptjs@2.4.3 OK for: licoreria-node@1.0.0 want: ^2.4.3
48 silly placeDep ROOT cookie-parser@1.4.7 OK for: licoreria-node@1.0.0 want: ^1.4.7
49 silly placeDep ROOT dotenv@16.6.1 OK for: licoreria-node@1.0.0 want: ^16.4.7
50 silly placeDep ROOT express@4.22.1 OK for: licoreria-node@1.0.0 want: ^4.21.2
51 silly placeDep ROOT express-session@1.19.0 OK for: licoreria-node@1.0.0 want: ^1.18.1
52 silly placeDep ROOT multer@1.4.5-lts.2 OK for: licoreria-node@1.0.0 want: ^1.4.5-lts.1
53 silly placeDep ROOT pg@8.20.0 OK for: licoreria-node@1.0.0 want: ^8.13.3
54 silly fetch manifest cookie@0.7.2
55 silly packumentCache full:https://registry.npmjs.org/cookie cache-miss
56 silly fetch manifest cookie-signature@1.0.6
57 silly packumentCache full:https://registry.npmjs.org/cookie-signature cache-miss
58 silly fetch manifest qs@~6.14.0
59 silly packumentCache full:https://registry.npmjs.org/qs cache-miss
60 silly fetch manifest depd@2.0.0
61 silly packumentCache full:https://registry.npmjs.org/depd cache-miss
62 silly fetch manifest etag@~1.8.1
63 silly packumentCache full:https://registry.npmjs.org/etag cache-miss
64 silly fetch manifest send@~0.19.0
65 silly packumentCache full:https://registry.npmjs.org/send cache-miss
66 silly fetch manifest vary@~1.1.2
67 silly packumentCache full:https://registry.npmjs.org/vary cache-miss
68 silly fetch manifest debug@2.6.9
69 silly packumentCache full:https://registry.npmjs.org/debug cache-miss
70 silly fetch manifest fresh@~0.5.2
71 silly packumentCache full:https://registry.npmjs.org/fresh cache-miss
72 silly fetch manifest cookie@~0.7.1
73 silly packumentCache full:https://registry.npmjs.org/cookie cache-miss
74 silly fetch manifest accepts@~1.3.8
75 silly packumentCache full:https://registry.npmjs.org/accepts cache-miss
76 silly fetch manifest methods@~1.1.2
77 silly packumentCache full:https://registry.npmjs.org/methods cache-miss
78 silly fetch manifest type-is@~1.6.18
79 silly packumentCache full:https://registry.npmjs.org/type-is cache-miss
80 silly fetch manifest parseurl@~1.3.3
81 silly packumentCache full:https://registry.npmjs.org/parseurl cache-miss
82 silly fetch manifest statuses@~2.0.1
83 silly packumentCache full:https://registry.npmjs.org/statuses cache-miss
84 http fetch GET 200 https://registry.npmjs.org/cookie 126ms (cache miss)
85 silly packumentCache full:https://registry.npmjs.org/cookie set size:undefined disposed:false
86 silly fetch manifest encodeurl@~2.0.0
87 silly packumentCache full:https://registry.npmjs.org/encodeurl cache-miss
88 http fetch GET 200 https://registry.npmjs.org/vary 206ms (cache miss)
89 silly packumentCache full:https://registry.npmjs.org/vary set size:undefined disposed:false
90 silly fetch manifest proxy-addr@~2.0.7
91 silly packumentCache full:https://registry.npmjs.org/proxy-addr cache-miss
92 http fetch GET 200 https://registry.npmjs.org/fresh 218ms (cache miss)
93 silly packumentCache full:https://registry.npmjs.org/fresh set size:undefined disposed:false
94 silly fetch manifest body-parser@~1.20.3
95 silly packumentCache full:https://registry.npmjs.org/body-parser cache-miss
96 http fetch GET 200 https://registry.npmjs.org/encodeurl 99ms (cache miss)
97 silly packumentCache full:https://registry.npmjs.org/encodeurl set size:undefined disposed:false
98 silly fetch manifest escape-html@~1.0.3
99 silly packumentCache full:https://registry.npmjs.org/escape-html cache-miss
100 http fetch GET 200 https://registry.npmjs.org/etag 231ms (cache miss)
101 silly packumentCache full:https://registry.npmjs.org/etag set size:undefined disposed:false
102 silly fetch manifest http-errors@~2.0.0
103 silly packumentCache full:https://registry.npmjs.org/http-errors cache-miss
104 http fetch GET 200 https://registry.npmjs.org/depd 236ms (cache miss)
105 silly packumentCache full:https://registry.npmjs.org/depd set size:undefined disposed:false
106 silly fetch manifest on-finished@~2.4.1
107 silly packumentCache full:https://registry.npmjs.org/on-finished cache-miss
108 http fetch GET 200 https://registry.npmjs.org/methods 235ms (cache miss)
109 silly packumentCache full:https://registry.npmjs.org/methods set size:undefined disposed:false
110 silly fetch manifest safe-buffer@5.2.1
111 silly packumentCache full:https://registry.npmjs.org/safe-buffer cache-miss
112 http fetch GET 200 https://registry.npmjs.org/accepts 237ms (cache miss)
113 silly packumentCache full:https://registry.npmjs.org/accepts set size:undefined disposed:false
114 silly fetch manifest utils-merge@1.0.1
115 silly packumentCache full:https://registry.npmjs.org/utils-merge cache-miss
116 http fetch GET 200 https://registry.npmjs.org/cookie 244ms (cache miss)
117 silly packumentCache full:https://registry.npmjs.org/cookie set size:undefined disposed:false
118 silly fetch manifest content-type@~1.0.4
119 silly packumentCache full:https://registry.npmjs.org/content-type cache-miss
120 http fetch GET 200 https://registry.npmjs.org/statuses 246ms (cache miss)
121 silly packumentCache full:https://registry.npmjs.org/statuses set size:undefined disposed:false
122 silly fetch manifest finalhandler@~1.3.1
123 silly packumentCache full:https://registry.npmjs.org/finalhandler cache-miss
124 http fetch GET 200 https://registry.npmjs.org/type-is 254ms (cache miss)
125 silly packumentCache full:https://registry.npmjs.org/type-is set size:undefined disposed:false
126 silly fetch manifest range-parser@~1.2.1
127 silly packumentCache full:https://registry.npmjs.org/range-parser cache-miss
128 http fetch GET 200 https://registry.npmjs.org/debug 266ms (cache miss)
129 silly packumentCache full:https://registry.npmjs.org/debug set size:undefined disposed:false
130 silly fetch manifest serve-static@~1.16.2
131 silly packumentCache full:https://registry.npmjs.org/serve-static cache-miss
132 http fetch GET 200 https://registry.npmjs.org/send 278ms (cache miss)
133 silly packumentCache full:https://registry.npmjs.org/send set size:undefined disposed:false
134 silly fetch manifest array-flatten@1.1.1
135 silly packumentCache full:https://registry.npmjs.org/array-flatten cache-miss
136 http fetch GET 200 https://registry.npmjs.org/qs 285ms (cache miss)
137 silly packumentCache full:https://registry.npmjs.org/qs set size:undefined disposed:false
138 silly fetch manifest path-to-regexp@~0.1.12
139 silly packumentCache full:https://registry.npmjs.org/path-to-regexp cache-miss
140 http fetch GET 200 https://registry.npmjs.org/cookie-signature 303ms (cache miss)
141 silly packumentCache full:https://registry.npmjs.org/cookie-signature set size:undefined disposed:false
142 silly fetch manifest setprototypeof@1.2.0
143 silly packumentCache full:https://registry.npmjs.org/setprototypeof cache-miss
144 http fetch GET 200 https://registry.npmjs.org/proxy-addr 101ms (cache miss)
145 silly packumentCache full:https://registry.npmjs.org/proxy-addr set size:undefined disposed:false
146 silly fetch manifest cookie-signature@~1.0.6
147 silly packumentCache full:https://registry.npmjs.org/cookie-signature cache-miss
148 http fetch GET 200 https://registry.npmjs.org/safe-buffer 91ms (cache miss)
149 silly packumentCache full:https://registry.npmjs.org/safe-buffer set size:undefined disposed:false
150 silly fetch manifest merge-descriptors@1.0.3
151 silly packumentCache full:https://registry.npmjs.org/merge-descriptors cache-miss
152 http cache https://registry.npmjs.org/cookie-signature 23ms (cache hit)
153 silly packumentCache full:https://registry.npmjs.org/cookie-signature set size:21777 disposed:false
154 silly fetch manifest content-disposition@~0.5.4
155 silly packumentCache full:https://registry.npmjs.org/content-disposition cache-miss
156 http fetch GET 200 https://registry.npmjs.org/escape-html 117ms (cache miss)
157 silly packumentCache full:https://registry.npmjs.org/escape-html set size:undefined disposed:false
158 silly fetch manifest cookie@~0.7.2
159 silly packumentCache full:https://registry.npmjs.org/cookie cache-miss
160 http fetch GET 200 https://registry.npmjs.org/utils-merge 106ms (cache miss)
161 silly packumentCache full:https://registry.npmjs.org/utils-merge set size:undefined disposed:false
162 silly fetch manifest cookie-signature@~1.0.7
163 silly packumentCache full:https://registry.npmjs.org/cookie-signature cache-hit
164 silly fetch manifest debug@~2.6.9
165 silly packumentCache full:https://registry.npmjs.org/debug cache-miss
166 http fetch GET 200 https://registry.npmjs.org/content-type 103ms (cache miss)
167 silly packumentCache full:https://registry.npmjs.org/content-type set size:undefined disposed:false
168 silly fetch manifest depd@~2.0.0
169 silly packumentCache full:https://registry.npmjs.org/depd cache-miss
170 http fetch GET 200 https://registry.npmjs.org/on-finished 119ms (cache miss)
171 silly packumentCache full:https://registry.npmjs.org/on-finished set size:undefined disposed:false
172 silly fetch manifest on-headers@~1.1.0
173 silly packumentCache full:https://registry.npmjs.org/on-headers cache-miss
174 http fetch GET 200 https://registry.npmjs.org/http-errors 127ms (cache miss)
175 silly packumentCache full:https://registry.npmjs.org/http-errors set size:undefined disposed:false
176 silly fetch manifest parseurl@~1.3.3
177 silly packumentCache full:https://registry.npmjs.org/parseurl cache-miss
178 http fetch GET 200 https://registry.npmjs.org/finalhandler 112ms (cache miss)
179 silly packumentCache full:https://registry.npmjs.org/finalhandler set size:undefined disposed:false
180 silly fetch manifest safe-buffer@~5.2.1
181 silly packumentCache full:https://registry.npmjs.org/safe-buffer cache-miss
182 http cache https://registry.npmjs.org/cookie 28ms (cache hit)
183 silly packumentCache full:https://registry.npmjs.org/cookie set size:72891 disposed:false
184 silly fetch manifest uid-safe@~2.1.5
185 silly packumentCache full:https://registry.npmjs.org/uid-safe cache-miss
186 http cache https://registry.npmjs.org/debug 30ms (cache hit)
187 silly packumentCache full:https://registry.npmjs.org/debug set size:195840 disposed:false
188 silly fetch manifest xtend@^4.0.0
189 silly packumentCache full:https://registry.npmjs.org/xtend cache-miss
190 http cache https://registry.npmjs.org/depd 32ms (cache hit)
191 silly packumentCache full:https://registry.npmjs.org/depd set size:40182 disposed:false
192 silly fetch manifest busboy@^1.0.0
193 silly packumentCache full:https://registry.npmjs.org/busboy cache-miss
194 http cache https://registry.npmjs.org/safe-buffer 36ms (cache hit)
195 silly packumentCache full:https://registry.npmjs.org/safe-buffer set size:41183 disposed:false
196 silly fetch manifest mkdirp@^0.5.4
197 silly packumentCache full:https://registry.npmjs.org/mkdirp cache-miss
198 http fetch GET 200 https://registry.npmjs.org/serve-static 136ms (cache miss)
199 silly packumentCache full:https://registry.npmjs.org/serve-static set size:undefined disposed:false
200 silly fetch manifest type-is@^1.6.4
201 silly packumentCache full:https://registry.npmjs.org/type-is cache-miss
202 http fetch GET 200 https://registry.npmjs.org/merge-descriptors 94ms (cache miss)
203 silly packumentCache full:https://registry.npmjs.org/merge-descriptors set size:undefined disposed:false
204 silly fetch manifest append-field@^1.0.0
205 silly packumentCache full:https://registry.npmjs.org/append-field cache-miss
206 http cache https://registry.npmjs.org/type-is 20ms (cache hit)
207 silly packumentCache full:https://registry.npmjs.org/type-is set size:86196 disposed:false
208 silly fetch manifest concat-stream@^1.5.2
209 silly packumentCache full:https://registry.npmjs.org/concat-stream cache-miss
210 http fetch GET 200 https://registry.npmjs.org/content-disposition 96ms (cache miss)
211 silly packumentCache full:https://registry.npmjs.org/content-disposition set size:undefined disposed:false
212 silly fetch manifest object-assign@^4.1.1
213 silly packumentCache full:https://registry.npmjs.org/object-assign cache-miss
214 http fetch GET 200 https://registry.npmjs.org/parseurl 75ms (cache miss)
215 silly packumentCache full:https://registry.npmjs.org/parseurl set size:undefined disposed:false
216 silly fetch manifest pg-connection-string@^2.12.0
217 silly packumentCache full:https://registry.npmjs.org/pg-connection-string cache-miss
218 http fetch GET 200 https://registry.npmjs.org/on-headers 82ms (cache miss)
219 silly packumentCache full:https://registry.npmjs.org/on-headers set size:undefined disposed:false
220 silly fetch manifest pg-pool@^3.13.0
221 silly packumentCache full:https://registry.npmjs.org/pg-pool cache-miss
222 http fetch GET 200 https://registry.npmjs.org/parseurl 439ms (cache miss)
223 silly packumentCache full:https://registry.npmjs.org/parseurl set size:undefined disposed:false
224 silly fetch manifest pg-protocol@^1.13.0
225 silly packumentCache full:https://registry.npmjs.org/pg-protocol cache-miss
226 http fetch GET 200 https://registry.npmjs.org/path-to-regexp 159ms (cache miss)
227 silly packumentCache full:https://registry.npmjs.org/path-to-regexp set size:undefined disposed:false
228 silly fetch manifest pg-types@2.2.0
229 silly packumentCache full:https://registry.npmjs.org/pg-types cache-miss
230 http fetch GET 200 https://registry.npmjs.org/mkdirp 113ms (cache miss)
231 silly packumentCache full:https://registry.npmjs.org/mkdirp set size:undefined disposed:false
232 silly fetch manifest pgpass@1.0.5
233 silly packumentCache full:https://registry.npmjs.org/pgpass cache-miss
234 http fetch GET 200 https://registry.npmjs.org/concat-stream 97ms (cache miss)
235 silly packumentCache full:https://registry.npmjs.org/concat-stream set size:undefined disposed:false
236 silly fetch manifest pg-cloudflare@^1.3.0
237 silly packumentCache full:https://registry.npmjs.org/pg-cloudflare cache-miss
238 http fetch GET 200 https://registry.npmjs.org/body-parser 316ms (cache miss)
239 silly packumentCache full:https://registry.npmjs.org/body-parser set size:undefined disposed:false
240 http fetch GET 200 https://registry.npmjs.org/range-parser 286ms (cache miss)
241 silly packumentCache full:https://registry.npmjs.org/range-parser set size:undefined disposed:false
242 http fetch GET 200 https://registry.npmjs.org/array-flatten 278ms (cache miss)
243 silly packumentCache full:https://registry.npmjs.org/array-flatten set size:undefined disposed:false
244 http fetch GET 200 https://registry.npmjs.org/setprototypeof 274ms (cache miss)
245 silly packumentCache full:https://registry.npmjs.org/setprototypeof set size:undefined disposed:false
246 http fetch GET 200 https://registry.npmjs.org/uid-safe 284ms (cache miss)
247 silly packumentCache full:https://registry.npmjs.org/uid-safe set size:undefined disposed:false
248 http fetch GET 200 https://registry.npmjs.org/xtend 279ms (cache miss)
249 silly packumentCache full:https://registry.npmjs.org/xtend set size:undefined disposed:false
250 http fetch GET 200 https://registry.npmjs.org/busboy 282ms (cache miss)
251 silly packumentCache full:https://registry.npmjs.org/busboy set size:undefined disposed:false
252 http fetch GET 200 https://registry.npmjs.org/append-field 300ms (cache miss)
253 silly packumentCache full:https://registry.npmjs.org/append-field set size:undefined disposed:false
254 http fetch GET 200 https://registry.npmjs.org/pg-types 285ms (cache miss)
255 silly packumentCache full:https://registry.npmjs.org/pg-types set size:undefined disposed:false
256 http fetch GET 200 https://registry.npmjs.org/object-assign 310ms (cache miss)
257 silly packumentCache full:https://registry.npmjs.org/object-assign set size:undefined disposed:false
258 http fetch GET 200 https://registry.npmjs.org/pg-protocol 302ms (cache miss)
259 silly packumentCache full:https://registry.npmjs.org/pg-protocol set size:undefined disposed:false
260 http fetch GET 200 https://registry.npmjs.org/pg-connection-string 309ms (cache miss)
261 silly packumentCache full:https://registry.npmjs.org/pg-connection-string set size:undefined disposed:false
262 http fetch GET 200 https://registry.npmjs.org/pg-pool 309ms (cache miss)
263 silly packumentCache full:https://registry.npmjs.org/pg-pool set size:undefined disposed:false
264 http fetch GET 200 https://registry.npmjs.org/pg-cloudflare 282ms (cache miss)
265 silly packumentCache full:https://registry.npmjs.org/pg-cloudflare set size:undefined disposed:false
266 http fetch GET 200 https://registry.npmjs.org/pgpass 681ms (cache miss)
267 silly packumentCache full:https://registry.npmjs.org/pgpass set size:undefined disposed:false
268 silly placeDep ROOT cookie@0.7.2 OK for: cookie-parser@1.4.7 want: 0.7.2
269 silly placeDep ROOT cookie-signature@1.0.6 OK for: cookie-parser@1.4.7 want: 1.0.6
270 silly placeDep ROOT accepts@1.3.8 OK for: express@4.22.1 want: ~1.3.8
271 silly placeDep ROOT array-flatten@1.1.1 OK for: express@4.22.1 want: 1.1.1
272 silly placeDep ROOT body-parser@1.20.4 OK for: express@4.22.1 want: ~1.20.3
273 silly placeDep ROOT content-disposition@0.5.4 OK for: express@4.22.1 want: ~0.5.4
274 silly placeDep ROOT content-type@1.0.5 OK for: express@4.22.1 want: ~1.0.4
275 silly placeDep ROOT debug@2.6.9 OK for: express@4.22.1 want: 2.6.9
276 silly placeDep ROOT depd@2.0.0 OK for: express@4.22.1 want: 2.0.0
277 silly placeDep ROOT encodeurl@2.0.0 OK for: express@4.22.1 want: ~2.0.0
278 silly placeDep ROOT escape-html@1.0.3 OK for: express@4.22.1 want: ~1.0.3
279 silly placeDep ROOT etag@1.8.1 OK for: express@4.22.1 want: ~1.8.1
280 silly placeDep ROOT finalhandler@1.3.2 OK for: express@4.22.1 want: ~1.3.1
281 silly placeDep ROOT fresh@0.5.2 OK for: express@4.22.1 want: ~0.5.2
282 silly placeDep ROOT http-errors@2.0.1 OK for: express@4.22.1 want: ~2.0.0
283 silly placeDep ROOT merge-descriptors@1.0.3 OK for: express@4.22.1 want: 1.0.3
284 silly placeDep ROOT methods@1.1.2 OK for: express@4.22.1 want: ~1.1.2
285 silly placeDep ROOT on-finished@2.4.1 OK for: express@4.22.1 want: ~2.4.1
286 silly placeDep ROOT parseurl@1.3.3 OK for: express@4.22.1 want: ~1.3.3
287 silly placeDep ROOT path-to-regexp@0.1.13 OK for: express@4.22.1 want: ~0.1.12
288 silly placeDep ROOT proxy-addr@2.0.7 OK for: express@4.22.1 want: ~2.0.7
289 silly placeDep ROOT qs@6.14.2 OK for: express@4.22.1 want: ~6.14.0
290 silly placeDep ROOT range-parser@1.2.1 OK for: express@4.22.1 want: ~1.2.1
291 silly placeDep ROOT safe-buffer@5.2.1 OK for: express@4.22.1 want: 5.2.1
292 silly placeDep ROOT send@0.19.2 OK for: express@4.22.1 want: ~0.19.0
293 silly placeDep ROOT serve-static@1.16.3 OK for: express@4.22.1 want: ~1.16.2
294 silly placeDep ROOT setprototypeof@1.2.0 OK for: express@4.22.1 want: 1.2.0
295 silly placeDep ROOT statuses@2.0.2 OK for: express@4.22.1 want: ~2.0.1
296 silly placeDep ROOT type-is@1.6.18 OK for: express@4.22.1 want: ~1.6.18
297 silly placeDep ROOT utils-merge@1.0.1 OK for: express@4.22.1 want: 1.0.1
298 silly placeDep ROOT vary@1.1.2 OK for: express@4.22.1 want: ~1.1.2
299 silly fetch manifest mime-types@~2.1.34
300 silly packumentCache full:https://registry.npmjs.org/mime-types cache-miss
301 silly fetch manifest negotiator@0.6.3
302 silly packumentCache full:https://registry.npmjs.org/negotiator cache-miss
303 silly fetch manifest bytes@~3.1.2
304 silly packumentCache full:https://registry.npmjs.org/bytes cache-miss
305 silly fetch manifest unpipe@~1.0.0
306 silly packumentCache full:https://registry.npmjs.org/unpipe cache-miss
307 silly fetch manifest destroy@~1.2.0
308 silly packumentCache full:https://registry.npmjs.org/destroy cache-miss
309 silly fetch manifest raw-body@~2.5.3
310 silly packumentCache full:https://registry.npmjs.org/raw-body cache-miss
311 silly fetch manifest iconv-lite@~0.4.24
312 silly packumentCache full:https://registry.npmjs.org/iconv-lite cache-miss
313 silly fetch manifest http-errors@~2.0.1
314 silly packumentCache full:https://registry.npmjs.org/http-errors cache-miss
315 silly fetch manifest content-type@~1.0.5
316 silly packumentCache full:https://registry.npmjs.org/content-type cache-miss
317 silly fetch manifest ms@2.0.0
318 silly packumentCache full:https://registry.npmjs.org/ms cache-miss
319 silly fetch manifest unpipe@~1.0.0
320 silly packumentCache full:https://registry.npmjs.org/unpipe cache-miss
321 silly fetch manifest statuses@~2.0.2
322 silly packumentCache full:https://registry.npmjs.org/statuses cache-miss
323 silly fetch manifest inherits@~2.0.4
324 silly packumentCache full:https://registry.npmjs.org/inherits cache-miss
325 silly fetch manifest setprototypeof@~1.2.0
326 silly packumentCache full:https://registry.npmjs.org/setprototypeof cache-miss
327 silly fetch manifest statuses@~2.0.2
328 silly packumentCache full:https://registry.npmjs.org/statuses cache-miss
329 http cache https://registry.npmjs.org/content-type 36ms (cache hit)
330 silly packumentCache full:https://registry.npmjs.org/content-type set size:17311 disposed:false
331 silly fetch manifest toidentifier@~1.0.1
332 silly packumentCache full:https://registry.npmjs.org/toidentifier cache-miss
333 http cache https://registry.npmjs.org/http-errors 39ms (cache hit)
334 silly packumentCache full:https://registry.npmjs.org/http-errors set size:71987 disposed:false
335 silly fetch manifest ee-first@1.1.1
336 silly packumentCache full:https://registry.npmjs.org/ee-first cache-miss
337 http cache https://registry.npmjs.org/statuses 44ms (cache hit)
338 silly packumentCache full:https://registry.npmjs.org/statuses set size:37117 disposed:false
339 silly fetch manifest forwarded@0.2.0
340 silly packumentCache full:https://registry.npmjs.org/forwarded cache-miss
341 http cache https://registry.npmjs.org/setprototypeof 45ms (cache hit)
342 silly packumentCache full:https://registry.npmjs.org/setprototypeof set size:14532 disposed:false
343 silly fetch manifest ipaddr.js@1.9.1
344 silly packumentCache full:https://registry.npmjs.org/ipaddr.js cache-miss
345 http cache https://registry.npmjs.org/statuses 55ms (cache hit)
346 silly packumentCache full:https://registry.npmjs.org/statuses set size:37117 disposed:false
347 silly packumentCache full:https://registry.npmjs.org/statuses dispose
348 silly fetch manifest side-channel@^1.1.0
349 silly packumentCache full:https://registry.npmjs.org/side-channel cache-miss
350 http fetch GET 200 https://registry.npmjs.org/unpipe 116ms (cache miss)
351 silly packumentCache full:https://registry.npmjs.org/unpipe set size:undefined disposed:false
352 silly fetch manifest ms@2.1.3
353 silly packumentCache full:https://registry.npmjs.org/ms cache-miss
354 http fetch GET 200 https://registry.npmjs.org/negotiator 118ms (cache miss)
355 silly packumentCache full:https://registry.npmjs.org/negotiator set size:undefined disposed:false
356 silly fetch manifest mime@1.6.0
357 silly packumentCache full:https://registry.npmjs.org/mime cache-miss
358 http fetch GET 200 https://registry.npmjs.org/destroy 122ms (cache miss)
359 silly packumentCache full:https://registry.npmjs.org/destroy set size:undefined disposed:false
360 silly fetch manifest destroy@1.2.0
361 silly packumentCache full:https://registry.npmjs.org/destroy cache-miss
362 http fetch GET 200 https://registry.npmjs.org/unpipe 121ms (cache miss)
363 silly packumentCache full:https://registry.npmjs.org/unpipe set size:undefined disposed:false
364 silly fetch manifest mime-types@~2.1.24
365 silly packumentCache full:https://registry.npmjs.org/mime-types cache-miss
366 http fetch GET 200 https://registry.npmjs.org/inherits 121ms (cache miss)
367 silly packumentCache full:https://registry.npmjs.org/inherits set size:undefined disposed:false
368 silly fetch manifest media-typer@0.3.0
369 silly packumentCache full:https://registry.npmjs.org/media-typer cache-miss
370 http fetch GET 200 https://registry.npmjs.org/raw-body 134ms (cache miss)
371 silly packumentCache full:https://registry.npmjs.org/raw-body set size:undefined disposed:false
372 http fetch GET 200 https://registry.npmjs.org/mime-types 140ms (cache miss)
373 silly packumentCache full:https://registry.npmjs.org/mime-types set size:undefined disposed:false
374 http fetch GET 200 https://registry.npmjs.org/iconv-lite 143ms (cache miss)
375 silly packumentCache full:https://registry.npmjs.org/iconv-lite set size:undefined disposed:false
376 http fetch GET 200 https://registry.npmjs.org/ee-first 105ms (cache miss)
377 silly packumentCache full:https://registry.npmjs.org/ee-first set size:undefined disposed:false
378 http cache https://registry.npmjs.org/destroy 27ms (cache hit)
379 silly packumentCache full:https://registry.npmjs.org/destroy set size:15738 disposed:false
380 http fetch GET 200 https://registry.npmjs.org/forwarded 102ms (cache miss)
381 silly packumentCache full:https://registry.npmjs.org/forwarded set size:undefined disposed:false
382 http fetch GET 200 https://registry.npmjs.org/ipaddr.js 105ms (cache miss)
383 silly packumentCache full:https://registry.npmjs.org/ipaddr.js set size:undefined disposed:false
384 http fetch GET 200 https://registry.npmjs.org/mime-types 68ms (cache miss)
385 silly packumentCache full:https://registry.npmjs.org/mime-types set size:undefined disposed:false
386 http fetch GET 200 https://registry.npmjs.org/mime 83ms (cache miss)
387 silly packumentCache full:https://registry.npmjs.org/mime set size:undefined disposed:false
388 http fetch GET 200 https://registry.npmjs.org/bytes 300ms (cache miss)
389 silly packumentCache full:https://registry.npmjs.org/bytes set size:undefined disposed:false
390 http fetch GET 200 https://registry.npmjs.org/ms 299ms (cache miss)
391 silly packumentCache full:https://registry.npmjs.org/ms set size:undefined disposed:false
392 http fetch GET 200 https://registry.npmjs.org/ms 188ms (cache miss)
393 silly packumentCache full:https://registry.npmjs.org/ms set size:undefined disposed:false
394 http fetch GET 200 https://registry.npmjs.org/toidentifier 272ms (cache miss)
395 silly packumentCache full:https://registry.npmjs.org/toidentifier set size:undefined disposed:false
396 http fetch GET 200 https://registry.npmjs.org/side-channel 293ms (cache miss)
397 silly packumentCache full:https://registry.npmjs.org/side-channel set size:undefined disposed:false
398 http fetch GET 200 https://registry.npmjs.org/media-typer 264ms (cache miss)
399 silly packumentCache full:https://registry.npmjs.org/media-typer set size:undefined disposed:false
400 silly placeDep ROOT mime-types@2.1.35 OK for: accepts@1.3.8 want: ~2.1.34
401 silly placeDep ROOT negotiator@0.6.3 OK for: accepts@1.3.8 want: 0.6.3
402 silly fetch manifest mime-db@1.52.0
403 silly packumentCache full:https://registry.npmjs.org/mime-db cache-miss
404 http fetch GET 200 https://registry.npmjs.org/mime-db 78ms (cache miss)
405 silly packumentCache full:https://registry.npmjs.org/mime-db set size:undefined disposed:false
406 silly placeDep ROOT bytes@3.1.2 OK for: body-parser@1.20.4 want: ~3.1.2
407 silly placeDep ROOT destroy@1.2.0 OK for: body-parser@1.20.4 want: ~1.2.0
408 silly placeDep ROOT iconv-lite@0.4.24 OK for: body-parser@1.20.4 want: ~0.4.24
409 silly placeDep ROOT raw-body@2.5.3 OK for: body-parser@1.20.4 want: ~2.5.3
410 silly placeDep ROOT unpipe@1.0.0 OK for: body-parser@1.20.4 want: ~1.0.0
411 silly fetch manifest safer-buffer@>= 2.1.2 < 3
412 silly packumentCache full:https://registry.npmjs.org/safer-buffer cache-miss
413 http fetch GET 200 https://registry.npmjs.org/safer-buffer 80ms (cache miss)
414 silly packumentCache full:https://registry.npmjs.org/safer-buffer set size:undefined disposed:false
415 silly placeDep ROOT ms@2.0.0 OK for: debug@2.6.9 want: 2.0.0
416 silly placeDep node_modules/express-session cookie-signature@1.0.7 OK for: express-session@1.19.0 want: ~1.0.7
417 silly placeDep ROOT on-headers@1.1.0 OK for: express-session@1.19.0 want: ~1.1.0
418 silly placeDep ROOT uid-safe@2.1.5 OK for: express-session@1.19.0 want: ~2.1.5
419 silly fetch manifest random-bytes@~1.0.0
420 silly packumentCache full:https://registry.npmjs.org/random-bytes cache-miss
421 http fetch GET 200 https://registry.npmjs.org/random-bytes 279ms (cache miss)
422 silly packumentCache full:https://registry.npmjs.org/random-bytes set size:undefined disposed:false
423 silly placeDep ROOT inherits@2.0.4 OK for: http-errors@2.0.1 want: ~2.0.4
424 silly placeDep ROOT toidentifier@1.0.1 OK for: http-errors@2.0.1 want: ~1.0.1
425 silly placeDep ROOT safer-buffer@2.1.2 OK for: iconv-lite@0.4.24 want: >= 2.1.2 < 3
426 silly placeDep ROOT mime-db@1.52.0 OK for: mime-types@2.1.35 want: 1.52.0
427 silly placeDep ROOT append-field@1.0.0 OK for: multer@1.4.5-lts.2 want: ^1.0.0
428 silly placeDep ROOT busboy@1.6.0 OK for: multer@1.4.5-lts.2 want: ^1.0.0
429 silly placeDep ROOT concat-stream@1.6.2 OK for: multer@1.4.5-lts.2 want: ^1.5.2
430 silly placeDep ROOT mkdirp@0.5.6 OK for: multer@1.4.5-lts.2 want: ^0.5.4
431 silly placeDep ROOT object-assign@4.1.1 OK for: multer@1.4.5-lts.2 want: ^4.1.1
432 silly placeDep ROOT xtend@4.0.2 OK for: multer@1.4.5-lts.2 want: ^4.0.0
433 silly fetch manifest streamsearch@^1.1.0
434 silly packumentCache full:https://registry.npmjs.org/streamsearch cache-miss
435 silly fetch manifest buffer-from@^1.0.0
436 silly packumentCache full:https://registry.npmjs.org/buffer-from cache-miss
437 silly fetch manifest readable-stream@^2.2.2
438 silly packumentCache full:https://registry.npmjs.org/readable-stream cache-miss
439 silly fetch manifest typedarray@^0.0.6
440 silly packumentCache full:https://registry.npmjs.org/typedarray cache-miss
441 silly fetch manifest minimist@^1.2.6
442 silly packumentCache full:https://registry.npmjs.org/minimist cache-miss
443 http fetch GET 200 https://registry.npmjs.org/typedarray 69ms (cache miss)
444 silly packumentCache full:https://registry.npmjs.org/typedarray set size:undefined disposed:false
445 http fetch GET 200 https://registry.npmjs.org/buffer-from 76ms (cache miss)
446 silly packumentCache full:https://registry.npmjs.org/buffer-from set size:undefined disposed:false
447 http fetch GET 200 https://registry.npmjs.org/readable-stream 86ms (cache miss)
448 silly packumentCache full:https://registry.npmjs.org/readable-stream set size:undefined disposed:false
449 http fetch GET 200 https://registry.npmjs.org/streamsearch 275ms (cache miss)
450 silly packumentCache full:https://registry.npmjs.org/streamsearch set size:undefined disposed:false
451 http fetch GET 200 https://registry.npmjs.org/minimist 275ms (cache miss)
452 silly packumentCache full:https://registry.npmjs.org/minimist set size:undefined disposed:false
453 silly placeDep ROOT streamsearch@1.1.0 OK for: busboy@1.6.0 want: ^1.1.0
454 silly placeDep ROOT buffer-from@1.1.2 OK for: concat-stream@1.6.2 want: ^1.0.0
455 silly placeDep ROOT readable-stream@2.3.8 OK for: concat-stream@1.6.2 want: ^2.2.2
456 silly placeDep ROOT typedarray@0.0.6 OK for: concat-stream@1.6.2 want: ^0.0.6
457 silly fetch manifest isarray@~1.0.0
458 silly packumentCache full:https://registry.npmjs.org/isarray cache-miss
459 silly fetch manifest safe-buffer@~5.1.1
460 silly packumentCache full:https://registry.npmjs.org/safe-buffer cache-hit
461 silly fetch manifest core-util-is@~1.0.0
462 silly packumentCache full:https://registry.npmjs.org/core-util-is cache-miss
463 silly fetch manifest string_decoder@~1.1.1
464 silly packumentCache full:https://registry.npmjs.org/string_decoder cache-miss
465 silly fetch manifest util-deprecate@~1.0.1
466 silly packumentCache full:https://registry.npmjs.org/util-deprecate cache-miss
467 silly fetch manifest process-nextick-args@~2.0.0
468 silly packumentCache full:https://registry.npmjs.org/process-nextick-args cache-miss
469 http fetch GET 200 https://registry.npmjs.org/util-deprecate 84ms (cache miss)
470 silly packumentCache full:https://registry.npmjs.org/util-deprecate set size:undefined disposed:false
471 http fetch GET 200 https://registry.npmjs.org/process-nextick-args 86ms (cache miss)
472 silly packumentCache full:https://registry.npmjs.org/process-nextick-args set size:undefined disposed:false
473 http fetch GET 200 https://registry.npmjs.org/isarray 89ms (cache miss)
474 silly packumentCache full:https://registry.npmjs.org/isarray set size:undefined disposed:false
475 http fetch GET 200 https://registry.npmjs.org/core-util-is 89ms (cache miss)
476 silly packumentCache full:https://registry.npmjs.org/core-util-is set size:undefined disposed:false
477 http fetch GET 200 https://registry.npmjs.org/string_decoder 280ms (cache miss)
478 silly packumentCache full:https://registry.npmjs.org/string_decoder set size:undefined disposed:false
479 silly placeDep ROOT minimist@1.2.8 OK for: mkdirp@0.5.6 want: ^1.2.6
480 silly placeDep ROOT ee-first@1.1.1 OK for: on-finished@2.4.1 want: 1.1.1
481 silly fetch manifest pg@>=8.0
482 silly packumentCache full:https://registry.npmjs.org/pg cache-miss
483 http cache https://registry.npmjs.org/pg 10ms (cache hit)
484 silly packumentCache full:https://registry.npmjs.org/pg set size:475297 disposed:false
485 silly placeDep ROOT pg-cloudflare@1.3.0 OK for: pg@8.20.0 want: ^1.3.0
486 silly placeDep ROOT pg-connection-string@2.12.0 OK for: pg@8.20.0 want: ^2.12.0
487 silly placeDep ROOT pg-pool@3.13.0 OK for: pg@8.20.0 want: ^3.13.0
488 silly placeDep ROOT pg-protocol@1.13.0 OK for: pg@8.20.0 want: ^1.13.0
489 silly placeDep ROOT pg-types@2.2.0 OK for: pg@8.20.0 want: 2.2.0
490 silly placeDep ROOT pgpass@1.0.5 OK for: pg@8.20.0 want: 1.0.5
491 silly fetch manifest pg-int8@1.0.1
492 silly packumentCache full:https://registry.npmjs.org/pg-int8 cache-miss
493 silly fetch manifest postgres-date@~1.0.4
494 silly packumentCache full:https://registry.npmjs.org/postgres-date cache-miss
495 silly fetch manifest postgres-array@~2.0.0
496 silly packumentCache full:https://registry.npmjs.org/postgres-array cache-miss
497 silly fetch manifest postgres-bytea@~1.0.0
498 silly packumentCache full:https://registry.npmjs.org/postgres-bytea cache-miss
499 silly fetch manifest postgres-interval@^1.1.0
500 silly packumentCache full:https://registry.npmjs.org/postgres-interval cache-miss
501 silly fetch manifest split2@^4.1.0
502 silly packumentCache full:https://registry.npmjs.org/split2 cache-miss
503 http fetch GET 200 https://registry.npmjs.org/postgres-interval 284ms (cache miss)
504 silly packumentCache full:https://registry.npmjs.org/postgres-interval set size:undefined disposed:false
505 http fetch GET 200 https://registry.npmjs.org/postgres-array 286ms (cache miss)
506 silly packumentCache full:https://registry.npmjs.org/postgres-array set size:undefined disposed:false
507 http fetch GET 200 https://registry.npmjs.org/split2 287ms (cache miss)
508 silly packumentCache full:https://registry.npmjs.org/split2 set size:undefined disposed:false
509 http fetch GET 200 https://registry.npmjs.org/postgres-bytea 290ms (cache miss)
510 silly packumentCache full:https://registry.npmjs.org/postgres-bytea set size:undefined disposed:false
511 http fetch GET 200 https://registry.npmjs.org/postgres-date 293ms (cache miss)
512 silly packumentCache full:https://registry.npmjs.org/postgres-date set size:undefined disposed:false
513 http fetch GET 200 https://registry.npmjs.org/pg-int8 686ms (cache miss)
514 silly packumentCache full:https://registry.npmjs.org/pg-int8 set size:undefined disposed:false
515 silly placeDep ROOT pg-int8@1.0.1 OK for: pg-types@2.2.0 want: 1.0.1
516 silly placeDep ROOT postgres-array@2.0.0 OK for: pg-types@2.2.0 want: ~2.0.0
517 silly placeDep ROOT postgres-bytea@1.0.1 OK for: pg-types@2.2.0 want: ~1.0.0
518 silly placeDep ROOT postgres-date@1.0.7 OK for: pg-types@2.2.0 want: ~1.0.4
519 silly placeDep ROOT postgres-interval@1.2.0 OK for: pg-types@2.2.0 want: ^1.1.0
520 silly placeDep ROOT split2@4.2.0 OK for: pgpass@1.0.5 want: ^4.1.0
521 silly placeDep ROOT forwarded@0.2.0 OK for: proxy-addr@2.0.7 want: 0.2.0
522 silly placeDep ROOT ipaddr.js@1.9.1 OK for: proxy-addr@2.0.7 want: 1.9.1
523 silly placeDep ROOT side-channel@1.1.0 OK for: qs@6.14.2 want: ^1.1.0
524 silly fetch manifest es-errors@^1.3.0
525 silly packumentCache full:https://registry.npmjs.org/es-errors cache-miss
526 silly fetch manifest object-inspect@^1.13.3
527 silly packumentCache full:https://registry.npmjs.org/object-inspect cache-miss
528 silly fetch manifest side-channel-list@^1.0.0
529 silly packumentCache full:https://registry.npmjs.org/side-channel-list cache-miss
530 silly fetch manifest side-channel-map@^1.0.1
531 silly packumentCache full:https://registry.npmjs.org/side-channel-map cache-miss
532 silly fetch manifest side-channel-weakmap@^1.0.2
533 silly packumentCache full:https://registry.npmjs.org/side-channel-weakmap cache-miss
534 http fetch GET 200 https://registry.npmjs.org/es-errors 78ms (cache miss)
535 silly packumentCache full:https://registry.npmjs.org/es-errors set size:undefined disposed:false
536 http fetch GET 200 https://registry.npmjs.org/side-channel-list 82ms (cache miss)
537 silly packumentCache full:https://registry.npmjs.org/side-channel-list set size:undefined disposed:false
538 http fetch GET 200 https://registry.npmjs.org/object-inspect 84ms (cache miss)
539 silly packumentCache full:https://registry.npmjs.org/object-inspect set size:undefined disposed:false
540 http fetch GET 200 https://registry.npmjs.org/side-channel-weakmap 109ms (cache miss)
541 silly packumentCache full:https://registry.npmjs.org/side-channel-weakmap set size:undefined disposed:false
542 http fetch GET 200 https://registry.npmjs.org/side-channel-map 294ms (cache miss)
543 silly packumentCache full:https://registry.npmjs.org/side-channel-map set size:undefined disposed:false
544 silly placeDep ROOT core-util-is@1.0.3 OK for: readable-stream@2.3.8 want: ~1.0.0
545 silly placeDep ROOT isarray@1.0.0 OK for: readable-stream@2.3.8 want: ~1.0.0
546 silly placeDep ROOT process-nextick-args@2.0.1 OK for: readable-stream@2.3.8 want: ~2.0.0
547 silly placeDep node_modules/readable-stream safe-buffer@5.1.2 OK for: readable-stream@2.3.8 want: ~5.1.1
548 silly placeDep ROOT string_decoder@1.1.1 OK for: readable-stream@2.3.8 want: ~1.1.1
549 silly placeDep ROOT util-deprecate@1.0.2 OK for: readable-stream@2.3.8 want: ~1.0.1
550 silly fetch manifest safe-buffer@~5.1.0
551 silly packumentCache full:https://registry.npmjs.org/safe-buffer cache-hit
552 silly placeDep ROOT mime@1.6.0 OK for: send@0.19.2 want: 1.6.0
553 silly placeDep node_modules/send ms@2.1.3 OK for: send@0.19.2 want: 2.1.3
554 silly placeDep ROOT es-errors@1.3.0 OK for: side-channel@1.1.0 want: ^1.3.0
555 silly placeDep ROOT object-inspect@1.13.4 OK for: side-channel@1.1.0 want: ^1.13.3
556 silly placeDep ROOT side-channel-list@1.0.1 OK for: side-channel@1.1.0 want: ^1.0.0
557 silly placeDep ROOT side-channel-map@1.0.1 OK for: side-channel@1.1.0 want: ^1.0.1
558 silly placeDep ROOT side-channel-weakmap@1.0.2 OK for: side-channel@1.1.0 want: ^1.0.2
559 silly fetch manifest call-bound@^1.0.2
560 silly packumentCache full:https://registry.npmjs.org/call-bound cache-miss
561 silly fetch manifest get-intrinsic@^1.2.5
562 silly packumentCache full:https://registry.npmjs.org/get-intrinsic cache-miss
563 silly fetch manifest call-bound@^1.0.2
564 silly packumentCache full:https://registry.npmjs.org/call-bound cache-miss
565 silly fetch manifest get-intrinsic@^1.2.5
566 silly packumentCache full:https://registry.npmjs.org/get-intrinsic cache-miss
567 http fetch GET 200 https://registry.npmjs.org/call-bound 84ms (cache miss)
568 silly packumentCache full:https://registry.npmjs.org/call-bound set size:undefined disposed:false
569 http fetch GET 200 https://registry.npmjs.org/get-intrinsic 95ms (cache miss)
570 silly packumentCache full:https://registry.npmjs.org/get-intrinsic set size:undefined disposed:false
571 http fetch GET 200 https://registry.npmjs.org/get-intrinsic 98ms (cache miss)
572 silly packumentCache full:https://registry.npmjs.org/get-intrinsic set size:undefined disposed:false
573 http fetch GET 200 https://registry.npmjs.org/call-bound 123ms (cache miss)
574 silly packumentCache full:https://registry.npmjs.org/call-bound set size:undefined disposed:false
575 silly placeDep ROOT call-bound@1.0.4 OK for: side-channel-map@1.0.1 want: ^1.0.2
576 silly placeDep ROOT get-intrinsic@1.3.0 OK for: side-channel-map@1.0.1 want: ^1.2.5
577 silly fetch manifest call-bind-apply-helpers@^1.0.2
578 silly packumentCache full:https://registry.npmjs.org/call-bind-apply-helpers cache-miss
579 silly fetch manifest get-intrinsic@^1.3.0
580 silly packumentCache full:https://registry.npmjs.org/get-intrinsic cache-miss
581 silly fetch manifest gopd@^1.2.0
582 silly packumentCache full:https://registry.npmjs.org/gopd cache-miss
583 silly fetch manifest hasown@^2.0.2
584 silly packumentCache full:https://registry.npmjs.org/hasown cache-miss
585 silly fetch manifest get-proto@^1.0.1
586 silly packumentCache full:https://registry.npmjs.org/get-proto cache-miss
587 silly fetch manifest has-symbols@^1.1.0
588 silly packumentCache full:https://registry.npmjs.org/has-symbols cache-miss
589 silly fetch manifest function-bind@^1.1.2
590 silly packumentCache full:https://registry.npmjs.org/function-bind cache-miss
591 silly fetch manifest es-object-atoms@^1.1.1
592 silly packumentCache full:https://registry.npmjs.org/es-object-atoms cache-miss
593 silly fetch manifest math-intrinsics@^1.1.0
594 silly packumentCache full:https://registry.npmjs.org/math-intrinsics cache-miss
595 silly fetch manifest es-define-property@^1.0.1
596 silly packumentCache full:https://registry.npmjs.org/es-define-property cache-miss
597 silly fetch manifest call-bind-apply-helpers@^1.0.2
598 silly packumentCache full:https://registry.npmjs.org/call-bind-apply-helpers cache-miss
599 http cache https://registry.npmjs.org/get-intrinsic 29ms (cache hit)
600 silly packumentCache full:https://registry.npmjs.org/get-intrinsic set size:60985 disposed:false
601 http fetch GET 200 https://registry.npmjs.org/call-bind-apply-helpers 70ms (cache miss)
602 silly packumentCache full:https://registry.npmjs.org/call-bind-apply-helpers set size:undefined disposed:false
603 http fetch GET 200 https://registry.npmjs.org/hasown 83ms (cache miss)
604 silly packumentCache full:https://registry.npmjs.org/hasown set size:undefined disposed:false
605 http fetch GET 200 https://registry.npmjs.org/gopd 85ms (cache miss)
606 silly packumentCache full:https://registry.npmjs.org/gopd set size:undefined disposed:false
607 http fetch GET 200 https://registry.npmjs.org/get-proto 86ms (cache miss)
608 silly packumentCache full:https://registry.npmjs.org/get-proto set size:undefined disposed:false
609 http fetch GET 200 https://registry.npmjs.org/math-intrinsics 85ms (cache miss)
610 silly packumentCache full:https://registry.npmjs.org/math-intrinsics set size:undefined disposed:false
611 http fetch GET 200 https://registry.npmjs.org/call-bind-apply-helpers 89ms (cache miss)
612 silly packumentCache full:https://registry.npmjs.org/call-bind-apply-helpers set size:undefined disposed:false
613 http fetch GET 200 https://registry.npmjs.org/function-bind 92ms (cache miss)
614 silly packumentCache full:https://registry.npmjs.org/function-bind set size:undefined disposed:false
615 http fetch GET 200 https://registry.npmjs.org/es-object-atoms 289ms (cache miss)
616 silly packumentCache full:https://registry.npmjs.org/es-object-atoms set size:undefined disposed:false
617 http fetch GET 200 https://registry.npmjs.org/es-define-property 290ms (cache miss)
618 silly packumentCache full:https://registry.npmjs.org/es-define-property set size:undefined disposed:false
619 http fetch GET 200 https://registry.npmjs.org/has-symbols 292ms (cache miss)
620 silly packumentCache full:https://registry.npmjs.org/has-symbols set size:undefined disposed:false
621 silly placeDep ROOT call-bind-apply-helpers@1.0.2 OK for: call-bound@1.0.4 want: ^1.0.2
622 silly placeDep ROOT function-bind@1.1.2 OK for: call-bind-apply-helpers@1.0.2 want: ^1.1.2
623 silly placeDep ROOT es-define-property@1.0.1 OK for: get-intrinsic@1.3.0 want: ^1.0.1
624 silly placeDep ROOT es-object-atoms@1.1.1 OK for: get-intrinsic@1.3.0 want: ^1.1.1
625 silly placeDep ROOT get-proto@1.0.1 OK for: get-intrinsic@1.3.0 want: ^1.0.1
626 silly placeDep ROOT gopd@1.2.0 OK for: get-intrinsic@1.3.0 want: ^1.2.0
627 silly placeDep ROOT has-symbols@1.1.0 OK for: get-intrinsic@1.3.0 want: ^1.1.0
628 silly placeDep ROOT hasown@2.0.3 OK for: get-intrinsic@1.3.0 want: ^2.0.2
629 silly placeDep ROOT math-intrinsics@1.1.0 OK for: get-intrinsic@1.3.0 want: ^1.1.0
630 silly fetch manifest dunder-proto@^1.0.1
631 silly packumentCache full:https://registry.npmjs.org/dunder-proto cache-miss
632 http fetch GET 200 https://registry.npmjs.org/dunder-proto 71ms (cache miss)
633 silly packumentCache full:https://registry.npmjs.org/dunder-proto set size:undefined disposed:false
634 silly placeDep ROOT dunder-proto@1.0.1 OK for: get-proto@1.0.1 want: ^1.0.1
635 silly placeDep node_modules/string_decoder safe-buffer@5.1.2 OK for: string_decoder@1.1.1 want: ~5.1.0
636 silly placeDep ROOT media-typer@0.3.0 OK for: type-is@1.6.18 want: 0.3.0
637 silly placeDep ROOT random-bytes@1.0.0 OK for: uid-safe@2.1.5 want: ~1.0.0
638 silly reify moves {}
639 silly audit bulk request {
639 silly audit   bcryptjs: [ '2.4.3' ],
639 silly audit   'cookie-parser': [ '1.4.7' ],
639 silly audit   dotenv: [ '16.6.1' ],
639 silly audit   express: [ '4.22.1' ],
639 silly audit   'express-session': [ '1.19.0' ],
639 silly audit   multer: [ '1.4.5-lts.2' ],
639 silly audit   pg: [ '8.20.0' ],
639 silly audit   cookie: [ '0.7.2' ],
639 silly audit   'cookie-signature': [ '1.0.6', '1.0.7' ],
639 silly audit   accepts: [ '1.3.8' ],
639 silly audit   'array-flatten': [ '1.1.1' ],
639 silly audit   'body-parser': [ '1.20.4' ],
639 silly audit   'content-disposition': [ '0.5.4' ],
639 silly audit   'content-type': [ '1.0.5' ],
639 silly audit   debug: [ '2.6.9' ],
639 silly audit   depd: [ '2.0.0' ],
639 silly audit   encodeurl: [ '2.0.0' ],
639 silly audit   'escape-html': [ '1.0.3' ],
639 silly audit   etag: [ '1.8.1' ],
639 silly audit   finalhandler: [ '1.3.2' ],
639 silly audit   fresh: [ '0.5.2' ],
639 silly audit   'http-errors': [ '2.0.1' ],
639 silly audit   'merge-descriptors': [ '1.0.3' ],
639 silly audit   methods: [ '1.1.2' ],
639 silly audit   'on-finished': [ '2.4.1' ],
639 silly audit   parseurl: [ '1.3.3' ],
639 silly audit   'path-to-regexp': [ '0.1.13' ],
639 silly audit   'proxy-addr': [ '2.0.7' ],
639 silly audit   qs: [ '6.14.2' ],
639 silly audit   'range-parser': [ '1.2.1' ],
639 silly audit   'safe-buffer': [ '5.2.1', '5.1.2' ],
639 silly audit   send: [ '0.19.2' ],
639 silly audit   'serve-static': [ '1.16.3' ],
639 silly audit   setprototypeof: [ '1.2.0' ],
639 silly audit   statuses: [ '2.0.2' ],
639 silly audit   'type-is': [ '1.6.18' ],
639 silly audit   'utils-merge': [ '1.0.1' ],
639 silly audit   vary: [ '1.1.2' ],
639 silly audit   'mime-types': [ '2.1.35' ],
639 silly audit   negotiator: [ '0.6.3' ],
639 silly audit   bytes: [ '3.1.2' ],
639 silly audit   destroy: [ '1.2.0' ],
639 silly audit   'iconv-lite': [ '0.4.24' ],
639 silly audit   'raw-body': [ '2.5.3' ],
639 silly audit   unpipe: [ '1.0.0' ],
639 silly audit   ms: [ '2.0.0', '2.1.3' ],
639 silly audit   'on-headers': [ '1.1.0' ],
639 silly audit   'uid-safe': [ '2.1.5' ],
639 silly audit   inherits: [ '2.0.4' ],
639 silly audit   toidentifier: [ '1.0.1' ],
639 silly audit   'safer-buffer': [ '2.1.2' ],
639 silly audit   'mime-db': [ '1.52.0' ],
639 silly audit   'append-field': [ '1.0.0' ],
639 silly audit   busboy: [ '1.6.0' ],
639 silly audit   'concat-stream': [ '1.6.2' ],
639 silly audit   mkdirp: [ '0.5.6' ],
639 silly audit   'object-assign': [ '4.1.1' ],
639 silly audit   xtend: [ '4.0.2' ],
639 silly audit   streamsearch: [ '1.1.0' ],
639 silly audit   'buffer-from': [ '1.1.2' ],
639 silly audit   'readable-stream': [ '2.3.8' ],
639 silly audit   typedarray: [ '0.0.6' ],
639 silly audit   minimist: [ '1.2.8' ],
639 silly audit   'ee-first': [ '1.1.1' ],
639 silly audit   'pg-cloudflare': [ '1.3.0' ],
639 silly audit   'pg-connection-string': [ '2.12.0' ],
639 silly audit   'pg-pool': [ '3.13.0' ],
639 silly audit   'pg-protocol': [ '1.13.0' ],
639 silly audit   'pg-types': [ '2.2.0' ],
639 silly audit   pgpass: [ '1.0.5' ],
639 silly audit   'pg-int8': [ '1.0.1' ],
639 silly audit   'postgres-array': [ '2.0.0' ],
639 silly audit   'postgres-bytea': [ '1.0.1' ],
639 silly audit   'postgres-date': [ '1.0.7' ],
639 silly audit   'postgres-interval': [ '1.2.0' ],
639 silly audit   split2: [ '4.2.0' ],
639 silly audit   forwarded: [ '0.2.0' ],
639 silly audit   'ipaddr.js': [ '1.9.1' ],
639 silly audit   'side-channel': [ '1.1.0' ],
639 silly audit   'core-util-is': [ '1.0.3' ],
639 silly audit   isarray: [ '1.0.0' ],
639 silly audit   'process-nextick-args': [ '2.0.1' ],
639 silly audit   string_decoder: [ '1.1.1' ],
639 silly audit   'util-deprecate': [ '1.0.2' ],
639 silly audit   mime: [ '1.6.0' ],
639 silly audit   'es-errors': [ '1.3.0' ],
639 silly audit   'object-inspect': [ '1.13.4' ],
639 silly audit   'side-channel-list': [ '1.0.1' ],
639 silly audit   'side-channel-map': [ '1.0.1' ],
639 silly audit   'side-channel-weakmap': [ '1.0.2' ],
639 silly audit   'call-bound': [ '1.0.4' ],
639 silly audit   'get-intrinsic': [ '1.3.0' ],
639 silly audit   'call-bind-apply-helpers': [ '1.0.2' ],
639 silly audit   'function-bind': [ '1.1.2' ],
639 silly audit   'es-define-property': [ '1.0.1' ],
639 silly audit   'es-object-atoms': [ '1.1.1' ],
639 silly audit   'get-proto': [ '1.0.1' ],
639 silly audit   gopd: [ '1.2.0' ],
639 silly audit   'has-symbols': [ '1.1.0' ],
639 silly audit   hasown: [ '2.0.3' ],
639 silly audit   'math-intrinsics': [ '1.1.0' ],
639 silly audit   'dunder-proto': [ '1.0.1' ],
639 silly audit   'media-typer': [ '0.3.0' ],
639 silly audit   'random-bytes': [ '1.0.0' ]
639 silly audit }
640 http cache media-typer@https://registry.npmjs.org/media-typer/-/media-typer-0.3.0.tgz 0ms (cache hit)
641 http cache random-bytes@https://registry.npmjs.org/random-bytes/-/random-bytes-1.0.0.tgz 0ms (cache hit)
642 http cache dunder-proto@https://registry.npmjs.org/dunder-proto/-/dunder-proto-1.0.1.tgz 0ms (cache hit)
643 http cache has-symbols@https://registry.npmjs.org/has-symbols/-/has-symbols-1.1.0.tgz 1ms (cache hit)
644 http cache hasown@https://registry.npmjs.org/hasown/-/hasown-2.0.3.tgz 0ms (cache hit)
645 http cache math-intrinsics@https://registry.npmjs.org/math-intrinsics/-/math-intrinsics-1.1.0.tgz 0ms (cache hit)
646 http cache gopd@https://registry.npmjs.org/gopd/-/gopd-1.2.0.tgz 0ms (cache hit)
647 http cache es-object-atoms@https://registry.npmjs.org/es-object-atoms/-/es-object-atoms-1.1.1.tgz 0ms (cache hit)
648 http cache get-proto@https://registry.npmjs.org/get-proto/-/get-proto-1.0.1.tgz 0ms (cache hit)
649 http cache es-define-property@https://registry.npmjs.org/es-define-property/-/es-define-property-1.0.1.tgz 0ms (cache hit)
650 http cache call-bind-apply-helpers@https://registry.npmjs.org/call-bind-apply-helpers/-/call-bind-apply-helpers-1.0.2.tgz 0ms (cache hit)
651 http cache get-intrinsic@https://registry.npmjs.org/get-intrinsic/-/get-intrinsic-1.3.0.tgz 0ms (cache hit)
652 http cache side-channel-weakmap@https://registry.npmjs.org/side-channel-weakmap/-/side-channel-weakmap-1.0.2.tgz 0ms (cache hit)
653 http cache call-bound@https://registry.npmjs.org/call-bound/-/call-bound-1.0.4.tgz 0ms (cache hit)
654 http cache side-channel-map@https://registry.npmjs.org/side-channel-map/-/side-channel-map-1.0.1.tgz 0ms (cache hit)
655 http cache object-inspect@https://registry.npmjs.org/object-inspect/-/object-inspect-1.13.4.tgz 0ms (cache hit)
656 http cache function-bind@https://registry.npmjs.org/function-bind/-/function-bind-1.1.2.tgz 0ms (cache hit)
657 http cache es-errors@https://registry.npmjs.org/es-errors/-/es-errors-1.3.0.tgz 0ms (cache hit)
658 http cache side-channel-list@https://registry.npmjs.org/side-channel-list/-/side-channel-list-1.0.1.tgz 0ms (cache hit)
659 http cache string_decoder@https://registry.npmjs.org/string_decoder/-/string_decoder-1.1.1.tgz 0ms (cache hit)
660 http cache util-deprecate@https://registry.npmjs.org/util-deprecate/-/util-deprecate-1.0.2.tgz 0ms (cache hit)
661 http cache process-nextick-args@https://registry.npmjs.org/process-nextick-args/-/process-nextick-args-2.0.1.tgz 0ms (cache hit)
662 http cache isarray@https://registry.npmjs.org/isarray/-/isarray-1.0.0.tgz 0ms (cache hit)
663 http cache mime@https://registry.npmjs.org/mime/-/mime-1.6.0.tgz 0ms (cache hit)
664 http cache core-util-is@https://registry.npmjs.org/core-util-is/-/core-util-is-1.0.3.tgz 0ms (cache hit)
665 http cache side-channel@https://registry.npmjs.org/side-channel/-/side-channel-1.1.0.tgz 0ms (cache hit)
666 http cache forwarded@https://registry.npmjs.org/forwarded/-/forwarded-0.2.0.tgz 0ms (cache hit)
667 http cache ipaddr.js@https://registry.npmjs.org/ipaddr.js/-/ipaddr.js-1.9.1.tgz 0ms (cache hit)
668 http cache split2@https://registry.npmjs.org/split2/-/split2-4.2.0.tgz 0ms (cache hit)
669 http cache postgres-interval@https://registry.npmjs.org/postgres-interval/-/postgres-interval-1.2.0.tgz 0ms (cache hit)
670 http cache postgres-bytea@https://registry.npmjs.org/postgres-bytea/-/postgres-bytea-1.0.1.tgz 0ms (cache hit)
671 http cache postgres-date@https://registry.npmjs.org/postgres-date/-/postgres-date-1.0.7.tgz 0ms (cache hit)
672 http cache postgres-array@https://registry.npmjs.org/postgres-array/-/postgres-array-2.0.0.tgz 0ms (cache hit)
673 http cache pg-int8@https://registry.npmjs.org/pg-int8/-/pg-int8-1.0.1.tgz 0ms (cache hit)
674 http cache pg-types@https://registry.npmjs.org/pg-types/-/pg-types-2.2.0.tgz 0ms (cache hit)
675 http cache pgpass@https://registry.npmjs.org/pgpass/-/pgpass-1.0.5.tgz 0ms (cache hit)
676 http cache pg-protocol@https://registry.npmjs.org/pg-protocol/-/pg-protocol-1.13.0.tgz 0ms (cache hit)
677 http cache pg-connection-string@https://registry.npmjs.org/pg-connection-string/-/pg-connection-string-2.12.0.tgz 0ms (cache hit)
678 http cache pg-pool@https://registry.npmjs.org/pg-pool/-/pg-pool-3.13.0.tgz 0ms (cache hit)
679 http cache pg-cloudflare@https://registry.npmjs.org/pg-cloudflare/-/pg-cloudflare-1.3.0.tgz 0ms (cache hit)
680 http cache ee-first@https://registry.npmjs.org/ee-first/-/ee-first-1.1.1.tgz 0ms (cache hit)
681 http cache minimist@https://registry.npmjs.org/minimist/-/minimist-1.2.8.tgz 0ms (cache hit)
682 http cache typedarray@https://registry.npmjs.org/typedarray/-/typedarray-0.0.6.tgz 0ms (cache hit)
683 http cache buffer-from@https://registry.npmjs.org/buffer-from/-/buffer-from-1.1.2.tgz 0ms (cache hit)
684 http cache readable-stream@https://registry.npmjs.org/readable-stream/-/readable-stream-2.3.8.tgz 0ms (cache hit)
685 http cache streamsearch@https://registry.npmjs.org/streamsearch/-/streamsearch-1.1.0.tgz 0ms (cache hit)
686 http cache xtend@https://registry.npmjs.org/xtend/-/xtend-4.0.2.tgz 0ms (cache hit)
687 http cache mkdirp@https://registry.npmjs.org/mkdirp/-/mkdirp-0.5.6.tgz 0ms (cache hit)
688 http cache concat-stream@https://registry.npmjs.org/concat-stream/-/concat-stream-1.6.2.tgz 0ms (cache hit)
689 http cache busboy@https://registry.npmjs.org/busboy/-/busboy-1.6.0.tgz 0ms (cache hit)
690 http cache object-assign@https://registry.npmjs.org/object-assign/-/object-assign-4.1.1.tgz 0ms (cache hit)
691 http cache append-field@https://registry.npmjs.org/append-field/-/append-field-1.0.0.tgz 0ms (cache hit)
692 http cache mime-db@https://registry.npmjs.org/mime-db/-/mime-db-1.52.0.tgz 0ms (cache hit)
693 http cache toidentifier@https://registry.npmjs.org/toidentifier/-/toidentifier-1.0.1.tgz 0ms (cache hit)
694 http cache safer-buffer@https://registry.npmjs.org/safer-buffer/-/safer-buffer-2.1.2.tgz 0ms (cache hit)
695 http cache inherits@https://registry.npmjs.org/inherits/-/inherits-2.0.4.tgz 0ms (cache hit)
696 http cache uid-safe@https://registry.npmjs.org/uid-safe/-/uid-safe-2.1.5.tgz 0ms (cache hit)
697 http cache on-headers@https://registry.npmjs.org/on-headers/-/on-headers-1.1.0.tgz 0ms (cache hit)
698 http cache ms@https://registry.npmjs.org/ms/-/ms-2.0.0.tgz 0ms (cache hit)
699 http cache unpipe@https://registry.npmjs.org/unpipe/-/unpipe-1.0.0.tgz 0ms (cache hit)
700 http cache raw-body@https://registry.npmjs.org/raw-body/-/raw-body-2.5.3.tgz 0ms (cache hit)
701 http cache iconv-lite@https://registry.npmjs.org/iconv-lite/-/iconv-lite-0.4.24.tgz 0ms (cache hit)
702 http cache destroy@https://registry.npmjs.org/destroy/-/destroy-1.2.0.tgz 0ms (cache hit)
703 http cache bytes@https://registry.npmjs.org/bytes/-/bytes-3.1.2.tgz 0ms (cache hit)
704 http cache negotiator@https://registry.npmjs.org/negotiator/-/negotiator-0.6.3.tgz 0ms (cache hit)
705 http cache mime-types@https://registry.npmjs.org/mime-types/-/mime-types-2.1.35.tgz 0ms (cache hit)
706 http cache utils-merge@https://registry.npmjs.org/utils-merge/-/utils-merge-1.0.1.tgz 0ms (cache hit)
707 http cache vary@https://registry.npmjs.org/vary/-/vary-1.1.2.tgz 0ms (cache hit)
708 http cache statuses@https://registry.npmjs.org/statuses/-/statuses-2.0.2.tgz 1ms (cache hit)
709 http cache type-is@https://registry.npmjs.org/type-is/-/type-is-1.6.18.tgz 0ms (cache hit)
710 http cache serve-static@https://registry.npmjs.org/serve-static/-/serve-static-1.16.3.tgz 0ms (cache hit)
711 http cache send@https://registry.npmjs.org/send/-/send-0.19.2.tgz 0ms (cache hit)
712 http cache safe-buffer@https://registry.npmjs.org/safe-buffer/-/safe-buffer-5.2.1.tgz 0ms (cache hit)
713 http cache range-parser@https://registry.npmjs.org/range-parser/-/range-parser-1.2.1.tgz 0ms (cache hit)
714 http cache proxy-addr@https://registry.npmjs.org/proxy-addr/-/proxy-addr-2.0.7.tgz 0ms (cache hit)
715 http cache setprototypeof@https://registry.npmjs.org/setprototypeof/-/setprototypeof-1.2.0.tgz 0ms (cache hit)
716 http cache path-to-regexp@https://registry.npmjs.org/path-to-regexp/-/path-to-regexp-0.1.13.tgz 0ms (cache hit)
717 http cache qs@https://registry.npmjs.org/qs/-/qs-6.14.2.tgz 0ms (cache hit)
718 http cache parseurl@https://registry.npmjs.org/parseurl/-/parseurl-1.3.3.tgz 0ms (cache hit)
719 http cache methods@https://registry.npmjs.org/methods/-/methods-1.1.2.tgz 0ms (cache hit)
720 http cache on-finished@https://registry.npmjs.org/on-finished/-/on-finished-2.4.1.tgz 0ms (cache hit)
721 http cache http-errors@https://registry.npmjs.org/http-errors/-/http-errors-2.0.1.tgz 0ms (cache hit)
722 http cache merge-descriptors@https://registry.npmjs.org/merge-descriptors/-/merge-descriptors-1.0.3.tgz 0ms (cache hit)
723 http cache fresh@https://registry.npmjs.org/fresh/-/fresh-0.5.2.tgz 0ms (cache hit)
724 http cache etag@https://registry.npmjs.org/etag/-/etag-1.8.1.tgz 0ms (cache hit)
725 http cache finalhandler@https://registry.npmjs.org/finalhandler/-/finalhandler-1.3.2.tgz 0ms (cache hit)
726 http cache escape-html@https://registry.npmjs.org/escape-html/-/escape-html-1.0.3.tgz 0ms (cache hit)
727 http cache encodeurl@https://registry.npmjs.org/encodeurl/-/encodeurl-2.0.0.tgz 0ms (cache hit)
728 http cache depd@https://registry.npmjs.org/depd/-/depd-2.0.0.tgz 0ms (cache hit)
729 http cache debug@https://registry.npmjs.org/debug/-/debug-2.6.9.tgz 0ms (cache hit)
730 http cache content-type@https://registry.npmjs.org/content-type/-/content-type-1.0.5.tgz 0ms (cache hit)
731 http cache content-disposition@https://registry.npmjs.org/content-disposition/-/content-disposition-0.5.4.tgz 0ms (cache hit)
732 http cache array-flatten@https://registry.npmjs.org/array-flatten/-/array-flatten-1.1.1.tgz 0ms (cache hit)
733 http cache body-parser@https://registry.npmjs.org/body-parser/-/body-parser-1.20.4.tgz 0ms (cache hit)
734 http cache accepts@https://registry.npmjs.org/accepts/-/accepts-1.3.8.tgz 0ms (cache hit)
735 http cache cookie-signature@https://registry.npmjs.org/cookie-signature/-/cookie-signature-1.0.6.tgz 0ms (cache hit)
736 http cache cookie@https://registry.npmjs.org/cookie/-/cookie-0.7.2.tgz 0ms (cache hit)
737 http cache pg@https://registry.npmjs.org/pg/-/pg-8.20.0.tgz 0ms (cache hit)
738 http cache multer@https://registry.npmjs.org/multer/-/multer-1.4.5-lts.2.tgz 0ms (cache hit)
739 http cache express-session@https://registry.npmjs.org/express-session/-/express-session-1.19.0.tgz 0ms (cache hit)
740 http cache express@https://registry.npmjs.org/express/-/express-4.22.1.tgz 0ms (cache hit)
741 http cache dotenv@https://registry.npmjs.org/dotenv/-/dotenv-16.6.1.tgz 0ms (cache hit)
742 http cache cookie-parser@https://registry.npmjs.org/cookie-parser/-/cookie-parser-1.4.7.tgz 0ms (cache hit)
743 http cache bcryptjs@https://registry.npmjs.org/bcryptjs/-/bcryptjs-2.4.3.tgz 0ms (cache hit)
744 http cache safe-buffer@https://registry.npmjs.org/safe-buffer/-/safe-buffer-5.1.2.tgz 0ms (cache hit)
745 silly tarball no local data for media-typer@https://registry.npmjs.org/media-typer/-/media-typer-0.3.0.tgz. Extracting by manifest.
746 silly tarball no local data for random-bytes@https://registry.npmjs.org/random-bytes/-/random-bytes-1.0.0.tgz. Extracting by manifest.
747 silly tarball no local data for dunder-proto@https://registry.npmjs.org/dunder-proto/-/dunder-proto-1.0.1.tgz. Extracting by manifest.
748 silly tarball no local data for has-symbols@https://registry.npmjs.org/has-symbols/-/has-symbols-1.1.0.tgz. Extracting by manifest.
749 silly tarball no local data for hasown@https://registry.npmjs.org/hasown/-/hasown-2.0.3.tgz. Extracting by manifest.
750 http cache cookie-signature@https://registry.npmjs.org/cookie-signature/-/cookie-signature-1.0.7.tgz 0ms (cache hit)
751 silly tarball no local data for math-intrinsics@https://registry.npmjs.org/math-intrinsics/-/math-intrinsics-1.1.0.tgz. Extracting by manifest.
752 silly tarball no local data for gopd@https://registry.npmjs.org/gopd/-/gopd-1.2.0.tgz. Extracting by manifest.
753 silly tarball no local data for es-object-atoms@https://registry.npmjs.org/es-object-atoms/-/es-object-atoms-1.1.1.tgz. Extracting by manifest.
754 silly tarball no local data for get-proto@https://registry.npmjs.org/get-proto/-/get-proto-1.0.1.tgz. Extracting by manifest.
755 http cache safe-buffer@https://registry.npmjs.org/safe-buffer/-/safe-buffer-5.1.2.tgz 0ms (cache hit)
756 silly tarball no local data for es-define-property@https://registry.npmjs.org/es-define-property/-/es-define-property-1.0.1.tgz. Extracting by manifest.
757 http cache ms@https://registry.npmjs.org/ms/-/ms-2.1.3.tgz 0ms (cache hit)
758 silly tarball no local data for call-bind-apply-helpers@https://registry.npmjs.org/call-bind-apply-helpers/-/call-bind-apply-helpers-1.0.2.tgz. Extracting by manifest.
759 silly tarball no local data for get-intrinsic@https://registry.npmjs.org/get-intrinsic/-/get-intrinsic-1.3.0.tgz. Extracting by manifest.
760 silly tarball no local data for side-channel-weakmap@https://registry.npmjs.org/side-channel-weakmap/-/side-channel-weakmap-1.0.2.tgz. Extracting by manifest.
761 silly tarball no local data for call-bound@https://registry.npmjs.org/call-bound/-/call-bound-1.0.4.tgz. Extracting by manifest.
762 silly tarball no local data for side-channel-map@https://registry.npmjs.org/side-channel-map/-/side-channel-map-1.0.1.tgz. Extracting by manifest.
763 silly tarball no local data for object-inspect@https://registry.npmjs.org/object-inspect/-/object-inspect-1.13.4.tgz. Extracting by manifest.
764 silly tarball no local data for function-bind@https://registry.npmjs.org/function-bind/-/function-bind-1.1.2.tgz. Extracting by manifest.
765 silly tarball no local data for es-errors@https://registry.npmjs.org/es-errors/-/es-errors-1.3.0.tgz. Extracting by manifest.
766 silly tarball no local data for side-channel-list@https://registry.npmjs.org/side-channel-list/-/side-channel-list-1.0.1.tgz. Extracting by manifest.
767 silly tarball no local data for string_decoder@https://registry.npmjs.org/string_decoder/-/string_decoder-1.1.1.tgz. Extracting by manifest.
768 silly tarball no local data for util-deprecate@https://registry.npmjs.org/util-deprecate/-/util-deprecate-1.0.2.tgz. Extracting by manifest.
769 silly tarball no local data for process-nextick-args@https://registry.npmjs.org/process-nextick-args/-/process-nextick-args-2.0.1.tgz. Extracting by manifest.
770 silly tarball no local data for isarray@https://registry.npmjs.org/isarray/-/isarray-1.0.0.tgz. Extracting by manifest.
771 silly tarball no local data for mime@https://registry.npmjs.org/mime/-/mime-1.6.0.tgz. Extracting by manifest.
772 silly tarball no local data for core-util-is@https://registry.npmjs.org/core-util-is/-/core-util-is-1.0.3.tgz. Extracting by manifest.
773 silly tarball no local data for side-channel@https://registry.npmjs.org/side-channel/-/side-channel-1.1.0.tgz. Extracting by manifest.
774 silly tarball no local data for forwarded@https://registry.npmjs.org/forwarded/-/forwarded-0.2.0.tgz. Extracting by manifest.
775 silly tarball no local data for ipaddr.js@https://registry.npmjs.org/ipaddr.js/-/ipaddr.js-1.9.1.tgz. Extracting by manifest.
776 silly tarball no local data for split2@https://registry.npmjs.org/split2/-/split2-4.2.0.tgz. Extracting by manifest.
777 silly tarball no local data for postgres-interval@https://registry.npmjs.org/postgres-interval/-/postgres-interval-1.2.0.tgz. Extracting by manifest.
778 silly tarball no local data for postgres-bytea@https://registry.npmjs.org/postgres-bytea/-/postgres-bytea-1.0.1.tgz. Extracting by manifest.
779 silly tarball no local data for postgres-date@https://registry.npmjs.org/postgres-date/-/postgres-date-1.0.7.tgz. Extracting by manifest.
780 silly tarball no local data for postgres-array@https://registry.npmjs.org/postgres-array/-/postgres-array-2.0.0.tgz. Extracting by manifest.
781 silly tarball no local data for pg-int8@https://registry.npmjs.org/pg-int8/-/pg-int8-1.0.1.tgz. Extracting by manifest.
782 silly tarball no local data for pg-types@https://registry.npmjs.org/pg-types/-/pg-types-2.2.0.tgz. Extracting by manifest.
783 silly tarball no local data for pgpass@https://registry.npmjs.org/pgpass/-/pgpass-1.0.5.tgz. Extracting by manifest.
784 silly tarball no local data for pg-protocol@https://registry.npmjs.org/pg-protocol/-/pg-protocol-1.13.0.tgz. Extracting by manifest.
785 silly tarball no local data for pg-connection-string@https://registry.npmjs.org/pg-connection-string/-/pg-connection-string-2.12.0.tgz. Extracting by manifest.
786 silly tarball no local data for pg-pool@https://registry.npmjs.org/pg-pool/-/pg-pool-3.13.0.tgz. Extracting by manifest.
787 silly tarball no local data for pg-cloudflare@https://registry.npmjs.org/pg-cloudflare/-/pg-cloudflare-1.3.0.tgz. Extracting by manifest.
788 silly tarball no local data for ee-first@https://registry.npmjs.org/ee-first/-/ee-first-1.1.1.tgz. Extracting by manifest.
789 silly tarball no local data for minimist@https://registry.npmjs.org/minimist/-/minimist-1.2.8.tgz. Extracting by manifest.
790 silly tarball no local data for typedarray@https://registry.npmjs.org/typedarray/-/typedarray-0.0.6.tgz. Extracting by manifest.
791 silly tarball no local data for buffer-from@https://registry.npmjs.org/buffer-from/-/buffer-from-1.1.2.tgz. Extracting by manifest.
792 silly tarball no local data for readable-stream@https://registry.npmjs.org/readable-stream/-/readable-stream-2.3.8.tgz. Extracting by manifest.
793 silly tarball no local data for streamsearch@https://registry.npmjs.org/streamsearch/-/streamsearch-1.1.0.tgz. Extracting by manifest.
794 silly tarball no local data for xtend@https://registry.npmjs.org/xtend/-/xtend-4.0.2.tgz. Extracting by manifest.
795 silly tarball no local data for mkdirp@https://registry.npmjs.org/mkdirp/-/mkdirp-0.5.6.tgz. Extracting by manifest.
796 silly tarball no local data for concat-stream@https://registry.npmjs.org/concat-stream/-/concat-stream-1.6.2.tgz. Extracting by manifest.
797 silly tarball no local data for busboy@https://registry.npmjs.org/busboy/-/busboy-1.6.0.tgz. Extracting by manifest.
798 silly tarball no local data for object-assign@https://registry.npmjs.org/object-assign/-/object-assign-4.1.1.tgz. Extracting by manifest.
799 silly tarball no local data for append-field@https://registry.npmjs.org/append-field/-/append-field-1.0.0.tgz. Extracting by manifest.
800 silly tarball no local data for mime-db@https://registry.npmjs.org/mime-db/-/mime-db-1.52.0.tgz. Extracting by manifest.
801 silly tarball no local data for toidentifier@https://registry.npmjs.org/toidentifier/-/toidentifier-1.0.1.tgz. Extracting by manifest.
802 silly tarball no local data for safer-buffer@https://registry.npmjs.org/safer-buffer/-/safer-buffer-2.1.2.tgz. Extracting by manifest.
803 silly tarball no local data for inherits@https://registry.npmjs.org/inherits/-/inherits-2.0.4.tgz. Extracting by manifest.
804 silly tarball no local data for uid-safe@https://registry.npmjs.org/uid-safe/-/uid-safe-2.1.5.tgz. Extracting by manifest.
805 silly tarball no local data for on-headers@https://registry.npmjs.org/on-headers/-/on-headers-1.1.0.tgz. Extracting by manifest.
806 silly tarball no local data for ms@https://registry.npmjs.org/ms/-/ms-2.0.0.tgz. Extracting by manifest.
807 silly tarball no local data for unpipe@https://registry.npmjs.org/unpipe/-/unpipe-1.0.0.tgz. Extracting by manifest.
808 silly tarball no local data for raw-body@https://registry.npmjs.org/raw-body/-/raw-body-2.5.3.tgz. Extracting by manifest.
809 silly tarball no local data for iconv-lite@https://registry.npmjs.org/iconv-lite/-/iconv-lite-0.4.24.tgz. Extracting by manifest.
810 silly tarball no local data for destroy@https://registry.npmjs.org/destroy/-/destroy-1.2.0.tgz. Extracting by manifest.
811 silly tarball no local data for bytes@https://registry.npmjs.org/bytes/-/bytes-3.1.2.tgz. Extracting by manifest.
812 silly tarball no local data for negotiator@https://registry.npmjs.org/negotiator/-/negotiator-0.6.3.tgz. Extracting by manifest.
813 silly tarball no local data for mime-types@https://registry.npmjs.org/mime-types/-/mime-types-2.1.35.tgz. Extracting by manifest.
814 silly tarball no local data for utils-merge@https://registry.npmjs.org/utils-merge/-/utils-merge-1.0.1.tgz. Extracting by manifest.
815 silly tarball no local data for vary@https://registry.npmjs.org/vary/-/vary-1.1.2.tgz. Extracting by manifest.
816 silly tarball no local data for statuses@https://registry.npmjs.org/statuses/-/statuses-2.0.2.tgz. Extracting by manifest.
817 silly tarball no local data for type-is@https://registry.npmjs.org/type-is/-/type-is-1.6.18.tgz. Extracting by manifest.
818 silly tarball no local data for serve-static@https://registry.npmjs.org/serve-static/-/serve-static-1.16.3.tgz. Extracting by manifest.
819 silly tarball no local data for send@https://registry.npmjs.org/send/-/send-0.19.2.tgz. Extracting by manifest.
820 silly tarball no local data for safe-buffer@https://registry.npmjs.org/safe-buffer/-/safe-buffer-5.2.1.tgz. Extracting by manifest.
821 silly tarball no local data for range-parser@https://registry.npmjs.org/range-parser/-/range-parser-1.2.1.tgz. Extracting by manifest.
822 silly tarball no local data for proxy-addr@https://registry.npmjs.org/proxy-addr/-/proxy-addr-2.0.7.tgz. Extracting by manifest.
823 silly tarball no local data for setprototypeof@https://registry.npmjs.org/setprototypeof/-/setprototypeof-1.2.0.tgz. Extracting by manifest.
824 silly tarball no local data for path-to-regexp@https://registry.npmjs.org/path-to-regexp/-/path-to-regexp-0.1.13.tgz. Extracting by manifest.
825 silly tarball no local data for qs@https://registry.npmjs.org/qs/-/qs-6.14.2.tgz. Extracting by manifest.
826 silly tarball no local data for parseurl@https://registry.npmjs.org/parseurl/-/parseurl-1.3.3.tgz. Extracting by manifest.
827 silly tarball no local data for methods@https://registry.npmjs.org/methods/-/methods-1.1.2.tgz. Extracting by manifest.
828 silly tarball no local data for on-finished@https://registry.npmjs.org/on-finished/-/on-finished-2.4.1.tgz. Extracting by manifest.
829 silly tarball no local data for http-errors@https://registry.npmjs.org/http-errors/-/http-errors-2.0.1.tgz. Extracting by manifest.
830 silly tarball no local data for merge-descriptors@https://registry.npmjs.org/merge-descriptors/-/merge-descriptors-1.0.3.tgz. Extracting by manifest.
831 silly tarball no local data for fresh@https://registry.npmjs.org/fresh/-/fresh-0.5.2.tgz. Extracting by manifest.
832 silly tarball no local data for etag@https://registry.npmjs.org/etag/-/etag-1.8.1.tgz. Extracting by manifest.
833 silly tarball no local data for escape-html@https://registry.npmjs.org/escape-html/-/escape-html-1.0.3.tgz. Extracting by manifest.
834 silly tarball no local data for finalhandler@https://registry.npmjs.org/finalhandler/-/finalhandler-1.3.2.tgz. Extracting by manifest.
835 silly tarball no local data for encodeurl@https://registry.npmjs.org/encodeurl/-/encodeurl-2.0.0.tgz. Extracting by manifest.
836 silly tarball no local data for depd@https://registry.npmjs.org/depd/-/depd-2.0.0.tgz. Extracting by manifest.
837 silly tarball no local data for debug@https://registry.npmjs.org/debug/-/debug-2.6.9.tgz. Extracting by manifest.
838 silly tarball no local data for content-type@https://registry.npmjs.org/content-type/-/content-type-1.0.5.tgz. Extracting by manifest.
839 silly tarball no local data for content-disposition@https://registry.npmjs.org/content-disposition/-/content-disposition-0.5.4.tgz. Extracting by manifest.
840 silly tarball no local data for array-flatten@https://registry.npmjs.org/array-flatten/-/array-flatten-1.1.1.tgz. Extracting by manifest.
841 silly tarball no local data for body-parser@https://registry.npmjs.org/body-parser/-/body-parser-1.20.4.tgz. Extracting by manifest.
842 silly tarball no local data for accepts@https://registry.npmjs.org/accepts/-/accepts-1.3.8.tgz. Extracting by manifest.
843 silly tarball no local data for cookie-signature@https://registry.npmjs.org/cookie-signature/-/cookie-signature-1.0.6.tgz. Extracting by manifest.
844 silly tarball no local data for cookie@https://registry.npmjs.org/cookie/-/cookie-0.7.2.tgz. Extracting by manifest.
845 silly tarball no local data for pg@https://registry.npmjs.org/pg/-/pg-8.20.0.tgz. Extracting by manifest.
846 silly tarball no local data for multer@https://registry.npmjs.org/multer/-/multer-1.4.5-lts.2.tgz. Extracting by manifest.
847 silly tarball no local data for express-session@https://registry.npmjs.org/express-session/-/express-session-1.19.0.tgz. Extracting by manifest.
848 silly tarball no local data for express@https://registry.npmjs.org/express/-/express-4.22.1.tgz. Extracting by manifest.
849 silly tarball no local data for dotenv@https://registry.npmjs.org/dotenv/-/dotenv-16.6.1.tgz. Extracting by manifest.
850 silly tarball no local data for cookie-parser@https://registry.npmjs.org/cookie-parser/-/cookie-parser-1.4.7.tgz. Extracting by manifest.
851 silly tarball no local data for bcryptjs@https://registry.npmjs.org/bcryptjs/-/bcryptjs-2.4.3.tgz. Extracting by manifest.
852 silly tarball no local data for safe-buffer@https://registry.npmjs.org/safe-buffer/-/safe-buffer-5.1.2.tgz. Extracting by manifest.
853 silly tarball no local data for cookie-signature@https://registry.npmjs.org/cookie-signature/-/cookie-signature-1.0.7.tgz. Extracting by manifest.
854 silly tarball no local data for safe-buffer@https://registry.npmjs.org/safe-buffer/-/safe-buffer-5.1.2.tgz. Extracting by manifest.
855 silly tarball no local data for ms@https://registry.npmjs.org/ms/-/ms-2.1.3.tgz. Extracting by manifest.
856 http fetch POST 200 https://registry.npmjs.org/-/npm/v1/security/advisories/bulk 281ms
857 silly audit report {}
858 http fetch GET 200 https://registry.npmjs.org/random-bytes/-/random-bytes-1.0.0.tgz 332ms (cache miss)
859 http fetch GET 200 https://registry.npmjs.org/get-intrinsic/-/get-intrinsic-1.3.0.tgz 324ms (cache miss)
860 http fetch GET 200 https://registry.npmjs.org/media-typer/-/media-typer-0.3.0.tgz 359ms (cache miss)
861 http fetch GET 200 https://registry.npmjs.org/math-intrinsics/-/math-intrinsics-1.1.0.tgz 377ms (cache miss)
862 http fetch GET 200 https://registry.npmjs.org/side-channel-list/-/side-channel-list-1.0.1.tgz 457ms (cache miss)
863 http fetch GET 200 https://registry.npmjs.org/util-deprecate/-/util-deprecate-1.0.2.tgz 483ms (cache miss)
864 http fetch GET 200 https://registry.npmjs.org/process-nextick-args/-/process-nextick-args-2.0.1.tgz 519ms (cache miss)
865 http fetch GET 200 https://registry.npmjs.org/isarray/-/isarray-1.0.0.tgz 519ms (cache miss)
866 http fetch GET 200 https://registry.npmjs.org/core-util-is/-/core-util-is-1.0.3.tgz 549ms (cache miss)
867 http fetch GET 200 https://registry.npmjs.org/postgres-interval/-/postgres-interval-1.2.0.tgz 581ms (cache miss)
868 http fetch GET 200 https://registry.npmjs.org/forwarded/-/forwarded-0.2.0.tgz 596ms (cache miss)
869 http fetch GET 200 https://registry.npmjs.org/string_decoder/-/string_decoder-1.1.1.tgz 603ms (cache miss)
870 http fetch GET 200 https://registry.npmjs.org/postgres-date/-/postgres-date-1.0.7.tgz 597ms (cache miss)
871 http fetch GET 200 https://registry.npmjs.org/postgres-array/-/postgres-array-2.0.0.tgz 614ms (cache miss)
872 http fetch GET 200 https://registry.npmjs.org/pg-int8/-/pg-int8-1.0.1.tgz 613ms (cache miss)
873 http fetch GET 200 https://registry.npmjs.org/split2/-/split2-4.2.0.tgz 672ms (cache miss)
874 http fetch GET 200 https://registry.npmjs.org/postgres-bytea/-/postgres-bytea-1.0.1.tgz 675ms (cache miss)
875 http fetch GET 200 https://registry.npmjs.org/ee-first/-/ee-first-1.1.1.tgz 697ms (cache miss)
876 http fetch GET 200 https://registry.npmjs.org/concat-stream/-/concat-stream-1.6.2.tgz 693ms (cache miss)
877 http fetch GET 200 https://registry.npmjs.org/buffer-from/-/buffer-from-1.1.2.tgz 716ms (cache miss)
878 http fetch GET 200 https://registry.npmjs.org/pgpass/-/pgpass-1.0.5.tgz 736ms (cache miss)
879 http fetch GET 200 https://registry.npmjs.org/toidentifier/-/toidentifier-1.0.1.tgz 728ms (cache miss)
880 http fetch GET 200 https://registry.npmjs.org/mkdirp/-/mkdirp-0.5.6.tgz 738ms (cache miss)
881 http fetch GET 200 https://registry.npmjs.org/pg-pool/-/pg-pool-3.13.0.tgz 751ms (cache miss)
882 http fetch GET 200 https://registry.npmjs.org/xtend/-/xtend-4.0.2.tgz 747ms (cache miss)
883 http fetch GET 200 https://registry.npmjs.org/utils-merge/-/utils-merge-1.0.1.tgz 736ms (cache miss)
884 http fetch GET 200 https://registry.npmjs.org/ipaddr.js/-/ipaddr.js-1.9.1.tgz 770ms (cache miss)
885 http fetch GET 200 https://registry.npmjs.org/hasown/-/hasown-2.0.3.tgz 791ms (cache miss)
886 http fetch GET 200 https://registry.npmjs.org/object-assign/-/object-assign-4.1.1.tgz 760ms (cache miss)
887 http fetch GET 200 https://registry.npmjs.org/append-field/-/append-field-1.0.0.tgz 761ms (cache miss)
888 http fetch GET 200 https://registry.npmjs.org/destroy/-/destroy-1.2.0.tgz 756ms (cache miss)
889 http fetch GET 200 https://registry.npmjs.org/uid-safe/-/uid-safe-2.1.5.tgz 762ms (cache miss)
890 http fetch GET 200 https://registry.npmjs.org/on-headers/-/on-headers-1.1.0.tgz 762ms (cache miss)
891 http fetch GET 200 https://registry.npmjs.org/inherits/-/inherits-2.0.4.tgz 767ms (cache miss)
892 http fetch GET 200 https://registry.npmjs.org/ms/-/ms-2.0.0.tgz 764ms (cache miss)
893 http fetch GET 200 https://registry.npmjs.org/pg-connection-string/-/pg-connection-string-2.12.0.tgz 783ms (cache miss)
894 http fetch GET 200 https://registry.npmjs.org/raw-body/-/raw-body-2.5.3.tgz 768ms (cache miss)
895 http fetch GET 200 https://registry.npmjs.org/unpipe/-/unpipe-1.0.0.tgz 772ms (cache miss)
896 http fetch GET 200 https://registry.npmjs.org/bytes/-/bytes-3.1.2.tgz 775ms (cache miss)
897 http fetch GET 200 https://registry.npmjs.org/mime-types/-/mime-types-2.1.35.tgz 783ms (cache miss)
898 http fetch GET 200 https://registry.npmjs.org/type-is/-/type-is-1.6.18.tgz 782ms (cache miss)
899 http fetch GET 200 https://registry.npmjs.org/vary/-/vary-1.1.2.tgz 783ms (cache miss)
900 http fetch GET 200 https://registry.npmjs.org/path-to-regexp/-/path-to-regexp-0.1.13.tgz 780ms (cache miss)
901 http fetch GET 200 https://registry.npmjs.org/setprototypeof/-/setprototypeof-1.2.0.tgz 782ms (cache miss)
902 http fetch GET 200 https://registry.npmjs.org/http-errors/-/http-errors-2.0.1.tgz 782ms (cache miss)
903 http fetch GET 200 https://registry.npmjs.org/merge-descriptors/-/merge-descriptors-1.0.3.tgz 783ms (cache miss)
904 http fetch GET 200 https://registry.npmjs.org/es-define-property/-/es-define-property-1.0.1.tgz 834ms (cache miss)
905 http fetch GET 200 https://registry.npmjs.org/safe-buffer/-/safe-buffer-5.2.1.tgz 794ms (cache miss)
906 http fetch GET 200 https://registry.npmjs.org/on-finished/-/on-finished-2.4.1.tgz 791ms (cache miss)
907 http fetch GET 200 https://registry.npmjs.org/methods/-/methods-1.1.2.tgz 792ms (cache miss)
908 http fetch GET 200 https://registry.npmjs.org/encodeurl/-/encodeurl-2.0.0.tgz 789ms (cache miss)
909 http fetch GET 200 https://registry.npmjs.org/proxy-addr/-/proxy-addr-2.0.7.tgz 800ms (cache miss)
910 http fetch GET 200 https://registry.npmjs.org/range-parser/-/range-parser-1.2.1.tgz 802ms (cache miss)
911 http fetch GET 200 https://registry.npmjs.org/fresh/-/fresh-0.5.2.tgz 796ms (cache miss)
912 http fetch GET 200 https://registry.npmjs.org/call-bound/-/call-bound-1.0.4.tgz 844ms (cache miss)
913 http fetch GET 200 https://registry.npmjs.org/array-flatten/-/array-flatten-1.1.1.tgz 793ms (cache miss)
914 http fetch GET 200 https://registry.npmjs.org/parseurl/-/parseurl-1.3.3.tgz 805ms (cache miss)
915 http fetch GET 200 https://registry.npmjs.org/serve-static/-/serve-static-1.16.3.tgz 811ms (cache miss)
916 http fetch GET 200 https://registry.npmjs.org/body-parser/-/body-parser-1.20.4.tgz 800ms (cache miss)
917 http fetch GET 200 https://registry.npmjs.org/statuses/-/statuses-2.0.2.tgz 817ms (cache miss)
918 http fetch GET 200 https://registry.npmjs.org/escape-html/-/escape-html-1.0.3.tgz 807ms (cache miss)
919 http fetch GET 200 https://registry.npmjs.org/gopd/-/gopd-1.2.0.tgz 863ms (cache miss)
920 http fetch GET 200 https://registry.npmjs.org/content-disposition/-/content-disposition-0.5.4.tgz 806ms (cache miss)
921 http fetch GET 200 https://registry.npmjs.org/cookie-signature/-/cookie-signature-1.0.6.tgz 805ms (cache miss)
922 http fetch GET 200 https://registry.npmjs.org/cookie/-/cookie-0.7.2.tgz 805ms (cache miss)
923 http fetch GET 200 https://registry.npmjs.org/ms/-/ms-2.1.3.tgz 785ms (cache miss)
924 http fetch GET 200 https://registry.npmjs.org/etag/-/etag-1.8.1.tgz 813ms (cache miss)
925 http fetch GET 200 https://registry.npmjs.org/cookie-parser/-/cookie-parser-1.4.7.tgz 806ms (cache miss)
926 http fetch GET 200 https://registry.npmjs.org/cookie-signature/-/cookie-signature-1.0.7.tgz 795ms (cache miss)
927 http fetch GET 200 https://registry.npmjs.org/send/-/send-0.19.2.tgz 826ms (cache miss)
928 http fetch GET 200 https://registry.npmjs.org/side-channel-weakmap/-/side-channel-weakmap-1.0.2.tgz 868ms (cache miss)
929 http fetch GET 200 https://registry.npmjs.org/safer-buffer/-/safer-buffer-2.1.2.tgz 839ms (cache miss)
930 http fetch GET 200 https://registry.npmjs.org/accepts/-/accepts-1.3.8.tgz 816ms (cache miss)
931 http fetch GET 200 https://registry.npmjs.org/content-type/-/content-type-1.0.5.tgz 819ms (cache miss)
932 http fetch GET 200 https://registry.npmjs.org/mime/-/mime-1.6.0.tgz 865ms (cache miss)
933 http fetch GET 200 https://registry.npmjs.org/finalhandler/-/finalhandler-1.3.2.tgz 826ms (cache miss)
934 http fetch GET 200 https://registry.npmjs.org/typedarray/-/typedarray-0.0.6.tgz 856ms (cache miss)
935 http fetch GET 200 https://registry.npmjs.org/side-channel-map/-/side-channel-map-1.0.1.tgz 876ms (cache miss)
936 http fetch GET 200 https://registry.npmjs.org/safe-buffer/-/safe-buffer-5.1.2.tgz 804ms (cache miss)
937 http fetch GET 200 https://registry.npmjs.org/mime-db/-/mime-db-1.52.0.tgz 854ms (cache miss)
938 http fetch GET 200 https://registry.npmjs.org/depd/-/depd-2.0.0.tgz 833ms (cache miss)
939 http fetch GET 200 https://registry.npmjs.org/side-channel/-/side-channel-1.1.0.tgz 873ms (cache miss)
940 http fetch GET 200 https://registry.npmjs.org/safe-buffer/-/safe-buffer-5.1.2.tgz 825ms (cache miss)
941 http fetch GET 200 https://registry.npmjs.org/streamsearch/-/streamsearch-1.1.0.tgz 865ms (cache miss)
942 http fetch GET 200 https://registry.npmjs.org/get-proto/-/get-proto-1.0.1.tgz 896ms (cache miss)
943 http fetch GET 200 https://registry.npmjs.org/function-bind/-/function-bind-1.1.2.tgz 890ms (cache miss)
944 http fetch GET 200 https://registry.npmjs.org/es-object-atoms/-/es-object-atoms-1.1.1.tgz 903ms (cache miss)
945 http fetch GET 200 https://registry.npmjs.org/dunder-proto/-/dunder-proto-1.0.1.tgz 909ms (cache miss)
946 http fetch GET 200 https://registry.npmjs.org/negotiator/-/negotiator-0.6.3.tgz 868ms (cache miss)
947 http fetch GET 200 https://registry.npmjs.org/has-symbols/-/has-symbols-1.1.0.tgz 921ms (cache miss)
948 http fetch GET 200 https://registry.npmjs.org/express-session/-/express-session-1.19.0.tgz 860ms (cache miss)
949 http fetch GET 200 https://registry.npmjs.org/pg-types/-/pg-types-2.2.0.tgz 903ms (cache miss)
950 http fetch GET 200 https://registry.npmjs.org/pg-cloudflare/-/pg-cloudflare-1.3.0.tgz 908ms (cache miss)
951 http fetch GET 200 https://registry.npmjs.org/call-bind-apply-helpers/-/call-bind-apply-helpers-1.0.2.tgz 929ms (cache miss)
952 http fetch GET 200 https://registry.npmjs.org/multer/-/multer-1.4.5-lts.2.tgz 877ms (cache miss)
953 warn deprecated multer@1.4.5-lts.2: Multer 1.x is impacted by a number of vulnerabilities, which have been patched in 2.x. You should upgrade to the latest 2.x version.
954 http fetch GET 200 https://registry.npmjs.org/dotenv/-/dotenv-16.6.1.tgz 883ms (cache miss)
955 http fetch GET 200 https://registry.npmjs.org/es-errors/-/es-errors-1.3.0.tgz 940ms (cache miss)
956 http fetch GET 200 https://registry.npmjs.org/debug/-/debug-2.6.9.tgz 911ms (cache miss)
957 http fetch GET 200 https://registry.npmjs.org/minimist/-/minimist-1.2.8.tgz 976ms (cache miss)
958 http fetch GET 200 https://registry.npmjs.org/readable-stream/-/readable-stream-2.3.8.tgz 981ms (cache miss)
959 http fetch GET 200 https://registry.npmjs.org/qs/-/qs-6.14.2.tgz 960ms (cache miss)
960 http fetch GET 200 https://registry.npmjs.org/express/-/express-4.22.1.tgz 948ms (cache miss)
961 http fetch GET 200 https://registry.npmjs.org/busboy/-/busboy-1.6.0.tgz 981ms (cache miss)
962 http fetch GET 200 https://registry.npmjs.org/pg/-/pg-8.20.0.tgz 959ms (cache miss)
963 http fetch GET 200 https://registry.npmjs.org/object-inspect/-/object-inspect-1.13.4.tgz 1022ms (cache miss)
964 http fetch GET 200 https://registry.npmjs.org/iconv-lite/-/iconv-lite-0.4.24.tgz 992ms (cache miss)
965 http fetch GET 200 https://registry.npmjs.org/bcryptjs/-/bcryptjs-2.4.3.tgz 969ms (cache miss)
966 http fetch GET 200 https://registry.npmjs.org/pg-protocol/-/pg-protocol-1.13.0.tgz 1027ms (cache miss)
967 silly ADD node_modules/random-bytes
968 silly ADD node_modules/media-typer
969 silly ADD node_modules/dunder-proto
970 silly ADD node_modules/math-intrinsics
971 silly ADD node_modules/hasown
972 silly ADD node_modules/has-symbols
973 silly ADD node_modules/gopd
974 silly ADD node_modules/get-proto
975 silly ADD node_modules/es-object-atoms
976 silly ADD node_modules/es-define-property
977 silly ADD node_modules/function-bind
978 silly ADD node_modules/call-bind-apply-helpers
979 silly ADD node_modules/get-intrinsic
980 silly ADD node_modules/call-bound
981 silly ADD node_modules/side-channel-weakmap
982 silly ADD node_modules/side-channel-map
983 silly ADD node_modules/side-channel-list
984 silly ADD node_modules/object-inspect
985 silly ADD node_modules/es-errors
986 silly ADD node_modules/mime
987 silly ADD node_modules/util-deprecate
988 silly ADD node_modules/string_decoder
989 silly ADD node_modules/string_decoder/node_modules/safe-buffer
990 silly ADD node_modules/process-nextick-args
991 silly ADD node_modules/isarray
992 silly ADD node_modules/core-util-is
993 silly ADD node_modules/side-channel
994 silly ADD node_modules/ipaddr.js
995 silly ADD node_modules/forwarded
996 silly ADD node_modules/split2
997 silly ADD node_modules/postgres-interval
998 silly ADD node_modules/postgres-date
999 silly ADD node_modules/postgres-bytea
1000 silly ADD node_modules/postgres-array
1001 silly ADD node_modules/pg-int8
1002 silly ADD node_modules/pgpass
1003 silly ADD node_modules/pg-types
1004 silly ADD node_modules/pg-protocol
1005 silly ADD node_modules/pg-pool
1006 silly ADD node_modules/pg-connection-string
1007 silly ADD node_modules/pg-cloudflare
1008 silly ADD node_modules/ee-first
1009 silly ADD node_modules/minimist
1010 silly ADD node_modules/typedarray
1011 silly ADD node_modules/readable-stream
1012 silly ADD node_modules/readable-stream/node_modules/safe-buffer
1013 silly ADD node_modules/buffer-from
1014 silly ADD node_modules/streamsearch
1015 silly ADD node_modules/xtend
1016 silly ADD node_modules/object-assign
1017 silly ADD node_modules/mkdirp
1018 silly ADD node_modules/concat-stream
1019 silly ADD node_modules/busboy
1020 silly ADD node_modules/append-field
1021 silly ADD node_modules/mime-db
1022 silly ADD node_modules/safer-buffer
1023 silly ADD node_modules/toidentifier
1024 silly ADD node_modules/inherits
1025 silly ADD node_modules/uid-safe
1026 silly ADD node_modules/on-headers
1027 silly ADD node_modules/ms
1028 silly ADD node_modules/unpipe
1029 silly ADD node_modules/raw-body
1030 silly ADD node_modules/iconv-lite
1031 silly ADD node_modules/destroy
1032 silly ADD node_modules/bytes
1033 silly ADD node_modules/negotiator
1034 silly ADD node_modules/mime-types
1035 silly ADD node_modules/vary
1036 silly ADD node_modules/utils-merge
1037 silly ADD node_modules/type-is
1038 silly ADD node_modules/statuses
1039 silly ADD node_modules/setprototypeof
1040 silly ADD node_modules/serve-static
1041 silly ADD node_modules/send
1042 silly ADD node_modules/send/node_modules/ms
1043 silly ADD node_modules/safe-buffer
1044 silly ADD node_modules/range-parser
1045 silly ADD node_modules/qs
1046 silly ADD node_modules/proxy-addr
1047 silly ADD node_modules/path-to-regexp
1048 silly ADD node_modules/parseurl
1049 silly ADD node_modules/on-finished
1050 silly ADD node_modules/methods
1051 silly ADD node_modules/merge-descriptors
1052 silly ADD node_modules/http-errors
1053 silly ADD node_modules/fresh
1054 silly ADD node_modules/finalhandler
1055 silly ADD node_modules/etag
1056 silly ADD node_modules/escape-html
1057 silly ADD node_modules/encodeurl
1058 silly ADD node_modules/depd
1059 silly ADD node_modules/debug
1060 silly ADD node_modules/content-type
1061 silly ADD node_modules/content-disposition
1062 silly ADD node_modules/body-parser
1063 silly ADD node_modules/array-flatten
1064 silly ADD node_modules/accepts
1065 silly ADD node_modules/cookie-signature
1066 silly ADD node_modules/cookie
1067 silly ADD node_modules/pg
1068 silly ADD node_modules/multer
1069 silly ADD node_modules/express-session
1070 silly ADD node_modules/express-session/node_modules/cookie-signature
1071 silly ADD node_modules/express
1072 silly ADD node_modules/dotenv
1073 silly ADD node_modules/cookie-parser
1074 silly ADD node_modules/bcryptjs
1075 verbose cwd C:\xampp\htdocs\licoreria
1076 verbose os Windows_NT 10.0.26200
1077 verbose node v24.14.0
1078 verbose npm  v11.9.0
1079 notice
1079 notice New minor version of npm available! 11.9.0 -> 11.12.1
1079 notice Changelog: https://github.com/npm/cli/releases/tag/v11.12.1
1079 notice To update run: npm install -g npm@11.12.1
1079 notice  { force: true, Symbol(proc-log.meta): true }
1080 verbose exit 0
1081 info ok
